\BOOKMARK [1][-]{cover.1}{封 面}{}% 1
\BOOKMARK [1][-]{title.1}{标 题}{}% 2
\BOOKMARK [1][-]{contents.1}{目 录}{}% 3
\BOOKMARK [1][-]{section.1}{1 问题重述}{}% 4
\BOOKMARK [2][-]{subsection.1.1}{1.1 引言}{section.1}% 5
\BOOKMARK [2][-]{subsection.1.2}{1.2 问题的提出}{section.1}% 6
\BOOKMARK [1][-]{section.2}{2 模型的假设}{}% 7
\BOOKMARK [1][-]{section.3}{3 符号说明}{}% 8
\BOOKMARK [1][-]{section.4}{4 模型的建立}{}% 9
\BOOKMARK [2][-]{subsection.4.1}{4.1 问题一分析}{section.4}% 10
\BOOKMARK [2][-]{subsection.4.2}{4.2 算法示例}{section.4}% 11
\BOOKMARK [1][-]{section.5}{5 表格和图形}{}% 12
\BOOKMARK [2][-]{subsection.5.1}{5.1 表格}{section.5}% 13
\BOOKMARK [2][-]{subsection.5.2}{5.2 图形}{section.5}% 14
\BOOKMARK [2][-]{subsection.5.3}{5.3 问题三分析}{section.5}% 15
\BOOKMARK [1][-]{section.6}{6 模型评价}{}% 16
\BOOKMARK [1][-]{附录.1.A}{附录 A MATLAB 源程序}{}% 17
\BOOKMARK [2][-]{subsection.1.A.1}{A.1 第1问程序}{附录.1.A}% 18
\BOOKMARK [1][-]{附录.1.B}{附录 B Python 源程序}{}% 19
\BOOKMARK [2][-]{subsection.1.B.1}{B.1 第2问程序}{附录.1.B}% 20
