This is XeTeX, Version 3.1415926-2.3-0.9997.5 (MiKTeX 2.9) (preloaded format=xelatex 2022.3.6)  6 OCT 2022 10:12
entering extended mode
**example
(d:\Xingx\Project\20221006-华为杯E题-杜兴兴\GMCMthesis-master\GMCMthesis-master\example.tex
LaTeX2e <2011/06/27>
Babel <v3.8m> and hyphenation patterns for loaded.
(d:\Xingx\Project\20221006-华为杯E题-杜兴兴\GMCMthesis-master\GMCMthesis-master\gmcmthesis.cls
Document Class: gmcmthesis 2022/10/05 v2.4 update by andy123t
(D:\ProgramData\CTEX\MiKTeX\tex\latex\ctex\ctexart.cls
Document Class: ctexart 2011/03/11 v1.02c ctexart document class
(D:\ProgramData\CTEX\MiKTeX\tex\latex\ctex\opt\ctex-common-opts.def) (D:\ProgramData\CTEX\MiKTeX\tex\latex\ctex\opt\ctex-caption-opts.def
\c@CTEX@sectiondepth=\count80
) (D:\ProgramData\CTEX\MiKTeX\tex\latex\ctex\opt\ctex-class-opts.def) (D:\ProgramData\CTEX\CTeX\tex\latex\ctex\cfg\ctexopts.cfg) (D:\ProgramData\CTEX\MiKTeX\tex\latex\ctex\def\ctex-loadclass.def (D:\ProgramData\CTEX\MiKTeX\tex\latex\base\article.cls
Document Class: article 2007/10/19 v1.4h Standard LaTeX document class
(D:\ProgramData\CTEX\MiKTeX\tex\latex\base\size10.clo
File: size10.clo 2007/10/19 v1.4h Standard LaTeX file (size option)
)
\c@part=\count81
\c@section=\count82
\c@subsection=\count83
\c@subsubsection=\count84
\c@paragraph=\count85
\c@subparagraph=\count86
\c@figure=\count87
\c@table=\count88
\abovecaptionskip=\skip41
\belowcaptionskip=\skip42
\bibindent=\dimen102
)) (D:\ProgramData\CTEX\MiKTeX\tex\latex\ctex\def\ctex-common.def (D:\ProgramData\CTEX\MiKTeX\tex\latex\l3kernel\expl3.sty (D:\ProgramData\CTEX\MiKTeX\tex\latex\l3kernel\l3names.sty (D:\ProgramData\CTEX\MiKTeX\tex\latex\l3kernel\l3bootstrap.sty
Package: l3bootstrap 2011/12/29 v3110 L3 Experimental bootstrap code
)
Package: l3names 2011/12/30 v3113 L3 Experimental namespace for primitives
) (D:\ProgramData\CTEX\MiKTeX\tex\latex\misc\etex.sty
Package: etex 1998/03/26 v2.0 eTeX basic definition package (PEB)
\et@xins=\count89
)
Package: expl3 2012/02/26 v3471 L3 Experimental code bundle wrapper
 (D:\ProgramData\CTEX\MiKTeX\tex\latex\graphics\color.sty
Package: color 2005/11/14 v1.0j Standard LaTeX Color (DPC)
 (D:\ProgramData\CTEX\MiKTeX\tex\latex\00miktex\color.cfg
File: color.cfg 2007/01/18 v1.5 color configuration of teTeX/TeXLive
)
Package color Info: Driver file: xetex.def on input line 130.
 (D:\ProgramData\CTEX\MiKTeX\tex\xelatex\xetex-def\xetex.def
File: xetex.def 2009/11/22 v0.94 LaTeX color/graphics driver for XeTeX (RRM/JK)
)) (D:\ProgramData\CTEX\MiKTeX\tex\latex\graphics\graphics.sty
Package: graphics 2009/02/05 v1.0o Standard LaTeX Graphics (DPC,SPQR)
 (D:\ProgramData\CTEX\MiKTeX\tex\latex\graphics\trig.sty
Package: trig 1999/03/16 v1.09 sin cos tan (DPC)
) (D:\ProgramData\CTEX\MiKTeX\tex\latex\00miktex\graphics.cfg
File: graphics.cfg 2007/01/18 v1.5 graphics configuration of teTeX/TeXLive
)
Package graphics Info: Driver file: xetex.def on input line 91.
) (D:\ProgramData\CTEX\MiKTeX\tex\latex\l3kernel\l3basics.sty
Package: l3basics 2012/02/26 v3460 L3 Experimental basic definitions
) (D:\ProgramData\CTEX\MiKTeX\tex\latex\l3kernel\l3expan.sty
Package: l3expan 2012/02/26 v3460 L3 Experimental argument expansion
) (D:\ProgramData\CTEX\MiKTeX\tex\latex\l3kernel\l3tl.sty
Package: l3tl 2012/02/26 v3460 L3 Experimental token lists
) (D:\ProgramData\CTEX\MiKTeX\tex\latex\l3kernel\l3seq.sty
Package: l3seq 2012/01/09 v3158 L3 Experimental sequences and stacks
) (D:\ProgramData\CTEX\MiKTeX\tex\latex\l3kernel\l3int.sty
Package: l3int 2012/02/26 v3460 L3 Experimental integers
\c_max_int=\count90
\l_tmpa_int=\count91
\l_tmpb_int=\count92
\l_tmpc_int=\count93
\g_tmpa_int=\count94
\g_tmpb_int=\count95
) (D:\ProgramData\CTEX\MiKTeX\tex\latex\l3kernel\l3quark.sty
Package: l3quark 2012/02/12 v3384 L3 Experimental quarks
) (D:\ProgramData\CTEX\MiKTeX\tex\latex\l3kernel\l3prg.sty
Package: l3prg 2012/02/26 v3464 L3 Experimental control structures
\g_prg_map_int=\count96
) (D:\ProgramData\CTEX\MiKTeX\tex\latex\l3kernel\l3clist.sty
Package: l3clist 2012/02/26 v3460 L3 Experimental comma separated lists
) (D:\ProgramData\CTEX\MiKTeX\tex\latex\l3kernel\l3token.sty
Package: l3token 2012/02/26 v3460 L3 Experimental token manipulation
) (D:\ProgramData\CTEX\MiKTeX\tex\latex\l3kernel\l3prop.sty
Package: l3prop 2012/02/26 v3460 L3 Experimental property lists
) (D:\ProgramData\CTEX\MiKTeX\tex\latex\l3kernel\l3msg.sty
Package: l3msg 2012/02/26 v3470 L3 Experimental messages
) (D:\ProgramData\CTEX\MiKTeX\tex\latex\l3kernel\l3file.sty
Package: l3file 2012/02/26 v3464 L3 Experimental file and I/O operations
\l_iow_stream_int=\count97
\l_iow_line_length_int=\count98
\l_iow_target_length_int=\count99
\l_iow_current_line_int=\count100
\l_iow_current_word_int=\count101
\l_iow_current_indentation_int=\count102
) (D:\ProgramData\CTEX\MiKTeX\tex\latex\l3kernel\l3skip.sty
Package: l3skip 2012/02/26 v3460 L3 Experimental dimensions and skips
\l_tmpa_dim=\dimen103
\l_tmpb_dim=\dimen104
\l_tmpc_dim=\dimen105
\g_tmpa_dim=\dimen106
\g_tmpb_dim=\dimen107
\l_tmpa_skip=\skip43
\l_tmpb_skip=\skip44
\l_tmpc_skip=\skip45
\g_tmpa_skip=\skip46
\g_tmpb_skip=\skip47
) (D:\ProgramData\CTEX\MiKTeX\tex\latex\l3kernel\l3keys.sty
Package: l3keys 2011/12/22 v3086 L3 Experimental key-value interfaces
\g_keyval_level_int=\count103
\l_keys_choice_int=\count104
) (D:\ProgramData\CTEX\MiKTeX\tex\latex\l3kernel\l3fp.sty
Package: l3fp 2012/02/06 v3315 L3 Experimental floating-point operations
\c_one_hundred_million=\count105
\c_five_hundred_million=\count106
\c_one_thousand_million=\count107
\c_fp_pi_by_four_decimal_int=\count108
\c_fp_pi_by_four_extended_int=\count109
\c_fp_pi_decimal_int=\count110
\c_fp_pi_extended_int=\count111
\c_fp_two_pi_decimal_int=\count112
\c_fp_two_pi_extended_int=\count113
\l_fp_count_int=\count114
\l_fp_div_offset_int=\count115
\l_fp_exp_integer_int=\count116
\l_fp_exp_decimal_int=\count117
\l_fp_exp_extended_int=\count118
\l_fp_exp_exponent_int=\count119
\l_fp_input_a_sign_int=\count120
\l_fp_input_a_integer_int=\count121
\l_fp_input_a_decimal_int=\count122
\l_fp_input_a_exponent_int=\count123
\l_fp_input_b_sign_int=\count124
\l_fp_input_b_integer_int=\count125
\l_fp_input_b_decimal_int=\count126
\l_fp_input_b_exponent_int=\count127
\l_fp_input_a_extended_int=\count128
\l_fp_input_b_extended_int=\count129
\l_fp_mul_a_i_int=\count130
\l_fp_mul_a_ii_int=\count131
\l_fp_mul_a_iii_int=\count132
\l_fp_mul_a_iv_int=\count133
\l_fp_mul_a_v_int=\count134
\l_fp_mul_a_vi_int=\count135
\l_fp_mul_b_i_int=\count136
\l_fp_mul_b_ii_int=\count137
\l_fp_mul_b_iii_int=\count138
\l_fp_mul_b_iv_int=\count139
\l_fp_mul_b_v_int=\count140
\l_fp_mul_b_vi_int=\count141
\l_fp_mul_output_int=\count142
\l_fp_output_sign_int=\count143
\l_fp_output_integer_int=\count144
\l_fp_output_decimal_int=\count145
\l_fp_output_exponent_int=\count146
\l_fp_output_extended_int=\count147
\l_fp_round_position_int=\count148
\l_fp_round_target_int=\count149
\l_fp_split_sign_int=\count150
\l_fp_internal_int=\count151
\l_fp_trig_octant_int=\count152
\l_fp_trig_sign_int=\count153
\l_fp_trig_decimal_int=\count154
\l_fp_trig_extended_int=\count155
\l_fp_internal_dim=\dimen108
\l_fp_internal_skip=\skip48
) (D:\ProgramData\CTEX\MiKTeX\tex\latex\l3kernel\l3box.sty
Package: l3box 2012/02/18 v3432 L3 Experimental boxes
\l_tmpb_box=\box26
\l_box_top_dim=\dimen109
\l_box_bottom_dim=\dimen110
\l_box_left_dim=\dimen111
\l_box_right_dim=\dimen112
\l_box_top_new_dim=\dimen113
\l_box_bottom_new_dim=\dimen114
\l_box_left_new_dim=\dimen115
\l_box_right_new_dim=\dimen116
\l_box_internal_box=\box27
) (D:\ProgramData\CTEX\MiKTeX\tex\latex\l3kernel\l3coffins.sty
Package: l3coffins 2012/02/26 v3460 L3 Experimental coffin code layer
\l_coffin_internal_box=\box28
\l_coffin_internal_dim=\dimen117
\l_coffin_offset_x_dim=\dimen118
\l_coffin_offset_y_dim=\dimen119
\l_coffin_x_dim=\dimen120
\l_coffin_y_dim=\dimen121
\l_coffin_x_prime_dim=\dimen122
\l_coffin_y_prime_dim=\dimen123
\l_coffin_Depth_dim=\dimen124
\l_coffin_Height_dim=\dimen125
\l_coffin_TotalHeight_dim=\dimen126
\l_coffin_Width_dim=\dimen127
\c_empty_coffin=\box29
\l_coffin_aligned_coffin=\box30
\l_coffin_aligned_internal_coffin=\box31
\l_coffin_bounding_shift_dim=\dimen128
\l_coffin_left_corner_dim=\dimen129
\l_coffin_right_corner_dim=\dimen130
\l_coffin_bottom_corner_dim=\dimen131
\l_coffin_top_corner_dim=\dimen132
\l_coffin_scaled_total_height_dim=\dimen133
\l_coffin_scaled_width_dim=\dimen134
\l_coffin_display_coffin=\box32
\l_coffin_display_coord_coffin=\box33
\l_coffin_display_pole_coffin=\box34
\l_coffin_display_offset_dim=\dimen135
\l_coffin_display_x_dim=\dimen136
\l_coffin_display_y_dim=\dimen137
) (D:\ProgramData\CTEX\MiKTeX\tex\latex\l3kernel\l3color.sty
Package: l3color 2011/09/07 v2776 L3 Experimental colour support
) (D:\ProgramData\CTEX\MiKTeX\tex\latex\l3kernel\l3luatex.sty
Package: l3luatex 2012/02/09 v3355 L3 Experimental LuaTeX-specific functions
\g_cctab_allocate_int=\count156
\g_cctab_stack_int=\count157
)) (D:\ProgramData\CTEX\MiKTeX\tex\latex\etoolbox\etoolbox.sty
Package: etoolbox 2011/01/03 v2.1 e-TeX tools for LaTeX
\etb@tempcnta=\count158
) (D:\ProgramData\CTEX\MiKTeX\tex\generic\oberdiek\ifpdf.sty
Package: ifpdf 2011/01/30 v2.3 Provides the ifpdf switch (HO)
Package ifpdf Info: pdfTeX in PDF mode is not detected.
) (D:\ProgramData\CTEX\MiKTeX\tex\generic\ifxetex\ifxetex.sty
Package: ifxetex 2010/09/12 v0.6 Provides ifxetex conditional
) (D:\ProgramData\CTEX\MiKTeX\tex\latex\graphics\keyval.sty
Package: keyval 1999/03/16 v1.13 key=value parser (DPC)
\KV@toks@=\toks14
) (D:\ProgramData\CTEX\MiKTeX\tex\latex\tools\indentfirst.sty
Package: indentfirst 1995/11/23 v1.03 Indent first paragraph (DPC)
) (D:\ProgramData\CTEX\MiKTeX\tex\latex\base\fix-cm.sty
Package: fix-cm 2006/09/13 v1.1m fixes to LaTeX
 (D:\ProgramData\CTEX\MiKTeX\tex\latex\base\ts1enc.def
File: ts1enc.def 2001/06/05 v3.0e (jk/car/fm) Standard LaTeX file
)) (D:\ProgramData\CTEX\MiKTeX\tex\latex\ctex\engine\ctex-xecjk-engine.def (D:\ProgramData\CTEX\MiKTeX\tex\latex\savesym\savesym.sty

LaTeX Warning: You have requested package `savesym',
               but the package provides `savesymbol'.

Package: savesymbol 2003/06/01 v1.1 Saves and restores symbols
) (D:\ProgramData\CTEX\MiKTeX\tex\xelatex\xecjk\xeCJK.sty
Package: xeCJK 2012/01/31 2.4.5 package for typesetting CJK scripts with XeLaTeX
 (D:\ProgramData\CTEX\MiKTeX\tex\latex\xkeyval\xkeyval.sty
Package: xkeyval 2008/08/13 v2.6a package option processing (HA)
 (D:\ProgramData\CTEX\MiKTeX\tex\generic\xkeyval\xkeyval.tex
\XKV@toks=\toks15
\XKV@tempa@toks=\toks16
\XKV@depth=\count159
File: xkeyval.tex 2008/08/13 v2.6a key=value parser (HA)
)) (D:\ProgramData\CTEX\MiKTeX\tex\latex\fontspec\fontspec.sty
Package: fontspec 2011/09/18 v2.2a Advanced font selection for XeLaTeX/LuaLaTeX
 (D:\ProgramData\CTEX\MiKTeX\tex\latex\l3packages\xparse\xparse.sty
Package: xparse 2012/02/26 v3471 L3 Experimental document command parser
\l_xparse_current_arg_int=\count160
\l_xparse_m_args_int=\count161
\l_xparse_mandatory_args_int=\count162
\l_xparse_processor_int=\count163
\l_xparse_v_nesting_int=\count164
)
\l_fontspec_script_int=\count165
\l_fontspec_language_int=\count166
\l_fontspec_strnum_int=\count167
\l_fontspec_tmpa_dim=\dimen138
\l_fontspec_tmpb_dim=\dimen139
\l_fontspec_tmpc_dim=\dimen140
Variant \tl_gset:cV already defined; not changing it on line 66
 (D:\ProgramData\CTEX\MiKTeX\tex\latex\fontspec\fontspec-patches.sty
Package: fontspec-patches 2011/09/18 v2.2a Advanced font selection for XeLaTeX/LuaLaTeX
 (D:\ProgramData\CTEX\MiKTeX\tex\latex\base\fixltx2e.sty
Package: fixltx2e 2006/09/13 v1.1m fixes to LaTeX
LaTeX Info: Redefining \em on input line 420.
)
LaTeX Info: Redefining \em on input line 22.
LaTeX Info: Redefining \emph on input line 29.
LaTeX Info: Redefining \- on input line 32.

*************************************************
* LaTeX warning: "xparse/redefine-command"
* 
* Redefining document command \oldstylenums with arg. spec. 'm' on line 107.
*************************************************
.................................................
. LaTeX info: "xparse/define-command"
. 
. Defining document command \liningnums with arg. spec. 'm' on line 111.
.................................................
) (D:\ProgramData\CTEX\MiKTeX\tex\latex\fontspec\fontspec-xetex.sty
Package: fontspec-xetex 2011/09/18 v2.2a Advanced font selection for XeLaTeX/LuaLaTeX
 (D:\ProgramData\CTEX\MiKTeX\tex\latex\base\fontenc.sty
Package: fontenc 2005/09/27 v1.99g Standard LaTeX package
 (D:\ProgramData\CTEX\MiKTeX\tex\latex\euenc\eu1enc.def
File: eu1enc.def 2010/05/27 v0.1h Experimental Unicode font encodings
)
LaTeX Font Info:    Try loading font information for EU1+lmr on input line 100.
 (D:\ProgramData\CTEX\MiKTeX\tex\latex\euenc\eu1lmr.fd
File: eu1lmr.fd 2009/10/30 v1.6 Font defs for Latin Modern
)
Requested font "[lmroman10-regular]:mapping=tex-text" at 10.0pt
 -> D:/ProgramData/CTEX/MiKTeX/fonts/opentype/public/lm/lmroman10-regular.otf
) (D:\ProgramData\CTEX\MiKTeX\tex\xelatex\xunicode\xunicode.sty
File: xunicode.sty 2011/09/09 v0.981 provides access to latin accents and many other characters in Unicode lower plane
 (D:\ProgramData\CTEX\MiKTeX\tex\latex\tipa\t3enc.def
File: t3enc.def 2001/12/31 T3 encoding
Requested font "[lmromanslant10-regular]:mapping=tex-text" at 10.0pt
 -> D:/ProgramData/CTEX/MiKTeX/fonts/opentype/public/lm/lmromanslant10-regular.otf
Requested font "[lmroman10-italic]:mapping=tex-text" at 10.0pt
 -> D:/ProgramData/CTEX/MiKTeX/fonts/opentype/public/lm/lmroman10-italic.otf
Requested font "[lmroman10-bold]:mapping=tex-text" at 10.0pt
 -> D:/ProgramData/CTEX/MiKTeX/fonts/opentype/public/lm/lmroman10-bold.otf
LaTeX Font Info:    Try loading font information for EU1+lmss on input line 357.
 (D:\ProgramData\CTEX\MiKTeX\tex\latex\euenc\eu1lmss.fd
File: eu1lmss.fd 2009/10/30 v1.6 Font defs for Latin Modern
)
Requested font "[lmsans10-regular]:mapping=tex-text" at 10.0pt
 -> D:/ProgramData/CTEX/MiKTeX/fonts/opentype/public/lm/lmsans10-regular.otf
)
\tipaTiiicode=\count168
\tipasavetokens=\toks17
\tipachecktokens=\toks18
 (D:\ProgramData\CTEX\MiKTeX\tex\latex\graphics\graphicx.sty
Package: graphicx 1999/02/16 v1.0f Enhanced LaTeX Graphics (DPC,SPQR)
\Gin@req@height=\dimen141
\Gin@req@width=\dimen142
))
.................................................
. LaTeX info: "xparse/define-command"
. 
. Defining document command \fontspec with arg. spec. 'O{}m' on line 39.
.................................................
.................................................
. LaTeX info: "xparse/define-command"
. 
. Defining document command \setmainfont with arg. spec. 'O{}m' on line 43.
.................................................
.................................................
. LaTeX info: "xparse/define-command"
. 
. Defining document command \setsansfont with arg. spec. 'O{}m' on line 47.
.................................................
.................................................
. LaTeX info: "xparse/define-command"
. 
. Defining document command \setmonofont with arg. spec. 'O{}m' on line 51.
.................................................
.................................................
. LaTeX info: "xparse/define-command"
. 
. Defining document command \setmathrm with arg. spec. 'O{}m' on line 59.
.................................................
.................................................
. LaTeX info: "xparse/define-command"
. 
. Defining document command \setboldmathrm with arg. spec. 'O{}m' on line 62.
.................................................
.................................................
. LaTeX info: "xparse/define-command"
. 
. Defining document command \setmathsf with arg. spec. 'O{}m' on line 65.
.................................................
.................................................
. LaTeX info: "xparse/define-command"
. 
. Defining document command \setmathtt with arg. spec. 'O{}m' on line 68.
.................................................
.................................................
. LaTeX info: "xparse/define-command"
. 
. Defining document command \newfontfamily with arg. spec. 'mO{}m' on line 84.
.................................................
.................................................
. LaTeX info: "xparse/define-command"
. 
. Defining document command \newfontface with arg. spec. 'mO{}m' on line 87.
.................................................
.................................................
. LaTeX info: "xparse/define-command"
. 
. Defining document command \defaultfontfeatures with arg. spec. 'm' on line
. 91.
.................................................
.................................................
. LaTeX info: "xparse/define-command"
. 
. Defining document command \addfontfeatures with arg. spec. 'm' on line 107.
.................................................
.................................................
. LaTeX info: "xparse/define-command"
. 
. Defining document command \newfontfeature with arg. spec. 'mm' on line 118.
.................................................
.................................................
. LaTeX info: "xparse/define-command"
. 
. Defining document command \newAATfeature with arg. spec. 'mmmm' on line 125.
.................................................
.................................................
. LaTeX info: "xparse/define-command"
. 
. Defining document command \newICUfeature with arg. spec. 'mmm' on line 132.
.................................................
.................................................
. LaTeX info: "xparse/define-command"
. 
. Defining document command \aliasfontfeature with arg. spec. 'mm' on line
. 159.
.................................................
.................................................
. LaTeX info: "xparse/define-command"
. 
. Defining document command \aliasfontfeatureoption with arg. spec. 'mmm' on
. line 164.
.................................................
.................................................
. LaTeX info: "xparse/define-command"
. 
. Defining document command \newfontscript with arg. spec. 'mm' on line 169.
.................................................
.................................................
. LaTeX info: "xparse/define-command"
. 
. Defining document command \newfontlanguage with arg. spec. 'mm' on line 192.
.................................................
.................................................
. LaTeX info: "xparse/define-command"
. 
. Defining document command \DeclareFontsExtensions with arg. spec. 'm' on
. line 211.
.................................................
Variant \prop_gput:cnV already defined; not changing it on line 485
Variant \prop_gput:cnx already defined; not changing it on line 486
Variant \keys_set:nx already defined; not changing it on line 963
\c@fontspec_tmp_int=\count169
LaTeX Info: Redefining \itshape on input line 1881.
LaTeX Info: Redefining \slshape on input line 1885.
LaTeX Info: Redefining \scshape on input line 1889.
LaTeX Info: Redefining \upshape on input line 1893.
 (D:\ProgramData\CTEX\MiKTeX\tex\latex\fontspec\fontspec.cfg)))
\xeCJK@cnta=\count170
\xeCJK@cntb=\count171
\xeCJK@cntc=\count172
\xeCJK@cntd=\count173
\xeCJK@cnte=\count174
\xeCJK@dima=\dimen143
LaTeX Info: Redefining \normalfont on input line 886.
LaTeX Info: Redefining \rmfamily on input line 895.
LaTeX Info: Redefining \sffamily on input line 899.
LaTeX Info: Redefining \ttfamily on input line 903.
\xeCJK@featureadded=\count175
\g_xecjk_exspace_dim=\dimen144
) (D:\ProgramData\CTEX\MiKTeX\tex\latex\ctex\engine\ctex-cjk-common.def
\ccwd=\dimen145
) (D:\ProgramData\CTEX\MiKTeX\tex\latex\ctex\fontset\ctex-xecjk-winfonts.def))
\CTEX@q=\count176
\CTEX@r=\count177
) (D:\ProgramData\CTEX\MiKTeX\tex\latex\ctex\def\ctex-caption.def) (D:\ProgramData\CTEX\MiKTeX\tex\latex\ctex\def\ctex-class.def
Requested font "[lmroman10-regular]:mapping=tex-text" at 10.54pt
 -> D:/ProgramData/CTEX/MiKTeX/fonts/opentype/public/lm/lmroman10-regular.otf
) (D:\ProgramData\CTEX\MiKTeX\tex\latex\ctex\def\ctex-article.def)) (D:\ProgramData\CTEX\MiKTeX\tex\latex\ctex\def\ctex-utf8.def) (D:\ProgramData\CTEX\MiKTeX\tex\latex\ctex\cfg\ctexcap.cfg (D:\ProgramData\CTEX\MiKTeX\tex\latex\ctex\cfg\ctexcap-utf8.cfg)) (D:\ProgramData\CTEX\MiKTeX\tex\latex\ctex\cfg\ctex.cfg) (D:\ProgramData\CTEX\MiKTeX\tex\latex\geometry\geometry.sty
Package: geometry 2010/09/12 v5.6 Page Geometry
 (D:\ProgramData\CTEX\MiKTeX\tex\generic\oberdiek\ifvtex.sty
Package: ifvtex 2010/03/01 v1.5 Switches for detecting VTeX and its modes (HO)
Package ifvtex Info: VTeX not detected.
)
\Gm@cnth=\count178
\Gm@cntv=\count179
\c@Gm@tempcnt=\count180
\Gm@bindingoffset=\dimen146
\Gm@wd@mp=\dimen147
\Gm@odd@mp=\dimen148
\Gm@even@mp=\dimen149
\Gm@layoutwidth=\dimen150
\Gm@layoutheight=\dimen151
\Gm@layouthoffset=\dimen152
\Gm@layoutvoffset=\dimen153
\Gm@dimlist=\toks19
 (D:\ProgramData\CTEX\MiKTeX\tex\xelatex\xetexconfig\geometry.cfg)) (D:\ProgramData\CTEX\MiKTeX\tex\latex\ams\math\amsmath.sty
Package: amsmath 2000/07/18 v2.13 AMS math features
\@mathmargin=\skip49

For additional information on amsmath, use the `?' option.
(D:\ProgramData\CTEX\MiKTeX\tex\latex\ams\math\amstext.sty
Package: amstext 2000/06/29 v2.01
 (D:\ProgramData\CTEX\MiKTeX\tex\latex\ams\math\amsgen.sty
File: amsgen.sty 1999/11/30 v2.0
\@emptytoks=\toks20
\ex@=\dimen154
)) (D:\ProgramData\CTEX\MiKTeX\tex\latex\ams\math\amsbsy.sty
Package: amsbsy 1999/11/29 v1.2d
\pmbraise@=\dimen155
) (D:\ProgramData\CTEX\MiKTeX\tex\latex\ams\math\amsopn.sty
Package: amsopn 1999/12/14 v2.01 operator names
)
\inf@bad=\count181
LaTeX Info: Redefining \frac on input line 211.
\uproot@=\count182
\leftroot@=\count183
LaTeX Info: Redefining \overline on input line 307.
\classnum@=\count184
\DOTSCASE@=\count185
LaTeX Info: Redefining \ldots on input line 379.
LaTeX Info: Redefining \dots on input line 382.
LaTeX Info: Redefining \cdots on input line 467.
\Mathstrutbox@=\box35
\strutbox@=\box36
\big@size=\dimen156
LaTeX Font Info:    Redeclaring font encoding OML on input line 567.
LaTeX Font Info:    Redeclaring font encoding OMS on input line 568.
\macc@depth=\count186
\c@MaxMatrixCols=\count187
\dotsspace@=\muskip10
\c@parentequation=\count188
\dspbrk@lvl=\count189
\tag@help=\toks21
\row@=\count190
\column@=\count191
\maxfields@=\count192
\andhelp@=\toks22
\eqnshift@=\dimen157
\alignsep@=\dimen158
\tagshift@=\dimen159
\tagwidth@=\dimen160
\totwidth@=\dimen161
\lineht@=\dimen162
\@envbody=\toks23
\multlinegap=\skip50
\multlinetaggap=\skip51
\mathdisplay@stack=\toks24
LaTeX Info: Redefining \[ on input line 2666.
LaTeX Info: Redefining \] on input line 2667.
) (D:\ProgramData\CTEX\MiKTeX\tex\latex\amsfonts\amsfonts.sty
Package: amsfonts 2009/06/22 v3.00 Basic AMSFonts support
\symAMSa=\mathgroup4
\symAMSb=\mathgroup5
LaTeX Font Info:    Overwriting math alphabet `\mathfrak' in version `bold'
(Font)                  U/euf/m/n --> U/euf/b/n on input line 96.
) (D:\ProgramData\CTEX\MiKTeX\tex\latex\amsfonts\amssymb.sty
Package: amssymb 2009/06/22 v3.00
) (D:\ProgramData\CTEX\MiKTeX\tex\latex\tools\bm.sty
Package: bm 2004/02/26 v1.1c Bold Symbol Support (DPC/FMi)
\symboldoperators=\mathgroup6
\symboldletters=\mathgroup7
\symboldsymbols=\mathgroup8
LaTeX Font Info:    Redeclaring math alphabet \mathbf on input line 138.
LaTeX Info: Redefining \bm on input line 204.
) (D:\ProgramData\CTEX\MiKTeX\tex\latex\xcolor\xcolor.sty
Package: xcolor 2007/01/21 v2.11 LaTeX color extensions (UK)
 (D:\ProgramData\CTEX\MiKTeX\tex\latex\00miktex\color.cfg
File: color.cfg 2007/01/18 v1.5 color configuration of teTeX/TeXLive
)
Package xcolor Info: Driver file: xetex.def on input line 225.
LaTeX Info: Redefining \color on input line 702.
Package xcolor Info: Model `cmy' substituted by `cmy0' on input line 1337.
Package xcolor Info: Model `RGB' extended on input line 1353.
Package xcolor Info: Model `HTML' substituted by `rgb' on input line 1355.
Package xcolor Info: Model `Hsb' substituted by `hsb' on input line 1356.
Package xcolor Info: Model `tHsb' substituted by `hsb' on input line 1357.
Package xcolor Info: Model `HSB' substituted by `hsb' on input line 1358.
Package xcolor Info: Model `Gray' substituted by `gray' on input line 1359.
Package xcolor Info: Model `wave' substituted by `hsb' on input line 1360.
) (D:\ProgramData\CTEX\MiKTeX\tex\latex\tools\tabularx.sty
Package: tabularx 1999/01/07 v2.07 `tabularx' package (DPC)
 (D:\ProgramData\CTEX\MiKTeX\tex\latex\tools\array.sty
Package: array 2008/09/09 v2.4c Tabular extension package (FMi)
\col@sep=\dimen163
\extrarowheight=\dimen164
\NC@list=\toks25
\extratabsurround=\skip52
\backup@length=\skip53
)
\TX@col@width=\dimen165
\TX@old@table=\dimen166
\TX@old@col=\dimen167
\TX@target=\dimen168
\TX@delta=\dimen169
\TX@cols=\count193
\TX@ftn=\toks26
) (D:\ProgramData\CTEX\MiKTeX\tex\latex\makecell\makecell.sty
Package: makecell 2009/08/03 V0.1e Managing of Tab Column Heads and Cells
\rotheadsize=\dimen170
\c@nlinenum=\count194
\TeXr@lab=\toks27
) (D:\ProgramData\CTEX\MiKTeX\tex\latex\tools\longtable.sty
Package: longtable 2004/02/01 v4.11 Multi-page Table package (DPC)
\LTleft=\skip54
\LTright=\skip55
\LTpre=\skip56
\LTpost=\skip57
\LTchunksize=\count195
\LTcapwidth=\dimen171
\LT@head=\box37
\LT@firsthead=\box38
\LT@foot=\box39
\LT@lastfoot=\box40
\LT@cols=\count196
\LT@rows=\count197
\c@LT@tables=\count198
\c@LT@chunks=\count199
\LT@p@ftn=\toks28
) (D:\ProgramData\CTEX\MiKTeX\tex\latex\booktabs\booktabs.sty
Package: booktabs 2005/04/14 v1.61803 publication quality tables
\heavyrulewidth=\dimen172
\lightrulewidth=\dimen173
\cmidrulewidth=\dimen174
\belowrulesep=\dimen175
\belowbottomsep=\dimen176
\aboverulesep=\dimen177
\abovetopsep=\dimen178
\cmidrulesep=\dimen179
\cmidrulekern=\dimen180
\defaultaddspace=\dimen181
\@cmidla=\count200
\@cmidlb=\count201
\@aboverulesep=\dimen182
\@belowrulesep=\dimen183
Normal \count register pool exhausted, switching to extended pool.
\@thisruleclass=\count277
\@lastruleclass=\count278
\@thisrulewidth=\dimen184
) (D:\ProgramData\CTEX\MiKTeX\tex\latex\multirow\multirow.sty
\bigstrutjot=\dimen185
) (D:\ProgramData\CTEX\MiKTeX\tex\latex\multirow\bigstrut.sty) (D:\ProgramData\CTEX\MiKTeX\tex\latex\multirow\bigdelim.sty) (D:\ProgramData\CTEX\MiKTeX\tex\latex\cprotect\cprotect.sty
Package: cprotect 2011/01/27 v1.0e (Bruno Le Floch)
 (D:\ProgramData\CTEX\MiKTeX\tex\latex\base\ifthen.sty
Package: ifthen 2001/05/26 v1.1c Standard LaTeX ifthen package (DPC)
) (D:\ProgramData\CTEX\MiKTeX\tex\latex\bigfoot\suffix.sty
Package: suffix 2006/07/15 1.5 Variant command support
)
\CPT@WriteOut=\write3
\c@CPT@WriteCount=\count279
\c@CPT@numB=\count280
\CPT@commandatend@toks=\toks29
) (D:\ProgramData\CTEX\MiKTeX\tex\latex\listings\listings.sty
\lst@mode=\count281
\lst@gtempboxa=\box41
\lst@token=\toks30
\lst@length=\count282
\lst@currlwidth=\dimen186
\lst@column=\count283
\lst@pos=\count284
\lst@lostspace=\dimen187
\lst@width=\dimen188
\lst@newlines=\count285
\lst@lineno=\count286
\lst@maxwidth=\dimen189
 (D:\ProgramData\CTEX\MiKTeX\tex\latex\listings\lstmisc.sty
File: lstmisc.sty 2007/02/22 1.4 (Carsten Heinz)
\c@lstnumber=\count287
\lst@skipnumbers=\count288
\lst@framebox=\box42
) (D:\ProgramData\CTEX\MiKTeX\tex\latex\listings\listings.cfg
File: listings.cfg 2007/02/22 1.4 listings configuration
))
Package: listings 2007/02/22 1.4 (Carsten Heinz)
 (D:\ProgramData\CTEX\MiKTeX\tex\latex\caption\caption.sty
Package: caption 2011/11/10 v3.2e Customizing captions (AR)
 (D:\ProgramData\CTEX\MiKTeX\tex\latex\caption\caption3.sty
Package: caption3 2011/11/01 v1.4a caption3 kernel (AR)
\captionmargin=\dimen190
\captionmargin@=\dimen191
\captionwidth=\dimen192
\caption@indent=\dimen193
\caption@parindent=\dimen194
\caption@hangindent=\dimen195
Package caption Info: Unknown document class (or package),
(caption)             standard defaults will be used.
)

Package caption Warning: Unsupported document class (or package) detected,
(caption)                usage of the caption package is not recommended.
See the caption package documentation for explanation.

Package caption Info: \@makecaption = \long macro:#1#2->\vskip \abovecaptionskip \sbox \@tempboxa {#1\CTEX@caption@delimiter #2}\ifdim \wd \@tempboxa >\hsize #1\CTEX@caption@delimiter #2\par \else \global \@minipagefalse \hb@xt@ \hsize {\hfil \box \@tempboxa \hfil }\fi \vskip \belowcaptionskip .
\c@ContinuedFloat=\count289
Package caption Info: listings package is loaded.
Package caption Info: longtable package is loaded.
(D:\ProgramData\CTEX\MiKTeX\tex\latex\caption\ltcaption.sty
Package: ltcaption 2011/09/12 v1.3 longtable captions (AR)
)) (D:\ProgramData\CTEX\MiKTeX\tex\latex\enumitem\enumitem.sty
Package: enumitem 2011/09/28 v3.5.2 Customized lists
\labelindent=\skip58
\enit@outerparindent=\dimen196
\enit@toks=\toks31
\enit@inbox=\box43
\enitdp@description=\count290
) (D:\ProgramData\CTEX\MiKTeX\tex\latex\ulem\ulem.sty
\UL@box=\box44
\UL@hyphenbox=\box45
\UL@skip=\skip59
\UL@hook=\toks32
\UL@height=\dimen197
\UL@pe=\count291
\UL@pixel=\dimen198
\ULC@box=\box46
Requested font "lasy6" scaled 1000
 -> lasy6
Package: ulem 2011/03/18
\ULdepth=\dimen199
) (D:\ProgramData\CTEX\MiKTeX\tex\latex\tools\calc.sty
Package: calc 2007/08/22 v4.3 Infix arithmetic (KKT,FJ)
\calc@Acount=\count292
\calc@Bcount=\count293
\calc@Adimen=\dimen200
\calc@Bdimen=\dimen201
\calc@Askip=\skip60
\calc@Bskip=\skip61
LaTeX Info: Redefining \setlength on input line 76.
LaTeX Info: Redefining \addtolength on input line 77.
\calc@Ccount=\count294
\calc@Cskip=\skip62
) (D:\ProgramData\CTEX\MiKTeX\tex\latex\titlesec\titletoc.sty
Package: titletoc 2011/12/15 v1.6 TOC entries
Normal \dimen register pool exhausted, switching to extended pool.
\ttl@leftsep=\dimen256
) (D:\ProgramData\CTEX\MiKTeX\tex\xelatex\xetexurl\url.sty
\Urlmuskip=\muskip11
Package: url 2004/03/15  ver 3.1  Verb mode for urls, etc.
) (D:\ProgramData\CTEX\MiKTeX\tex\latex\natbib\natbib.sty
Package: natbib 2010/09/13 8.31b (PWD, AO)
\bibhang=\skip63
\bibsep=\skip64
LaTeX Info: Redefining \cite on input line 694.
\c@NAT@ctr=\count295
) (D:\ProgramData\CTEX\MiKTeX\tex\latex\hyperref\hyperref.sty
Package: hyperref 2012/02/06 v6.82o Hypertext links for LaTeX
 (D:\ProgramData\CTEX\MiKTeX\tex\generic\oberdiek\hobsub-hyperref.sty
Package: hobsub-hyperref 2011/04/23 v1.4 Bundle oberdiek, subset hyperref (HO)
 (D:\ProgramData\CTEX\MiKTeX\tex\generic\oberdiek\hobsub-generic.sty
Package: hobsub-generic 2011/04/23 v1.4 Bundle oberdiek, subset generic (HO)
Package: hobsub 2011/04/23 v1.4 Subsetting bundle oberdiek (HO)
Package: infwarerr 2010/04/08 v1.3 Providing info/warning/message (HO)
Package: ltxcmds 2011/04/18 v1.20 LaTeX kernel commands for general use (HO)
Package: ifluatex 2010/03/01 v1.3 Provides the ifluatex switch (HO)
Package ifluatex Info: LuaTeX not detected.
Package hobsub Info: Skipping package `ifvtex' (already loaded).
Package: intcalc 2007/09/27 v1.1 Expandable integer calculations (HO)
Package hobsub Info: Skipping package `ifpdf' (already loaded).
Package: etexcmds 2011/02/16 v1.5 Prefix for e-TeX command names (HO)
Package etexcmds Info: Could not find \expanded.
(etexcmds)             That can mean that you are not using pdfTeX 1.50 or
(etexcmds)             that some package has redefined \expanded.
(etexcmds)             In the latter case, load this package earlier.
Package: kvsetkeys 2011/04/07 v1.13 Key value parser (HO)
Package: kvdefinekeys 2011/04/07 v1.3 Defining keys (HO)
Package: pdftexcmds 2011/04/22 v0.16 Utilities of pdfTeX for LuaTeX (HO)
Package pdftexcmds Info: LuaTeX not detected.
Package pdftexcmds Info: pdfTeX >= 1.30 not detected.
Package pdftexcmds Info: \pdf@primitive is available.
Package pdftexcmds Info: \pdf@ifprimitive is available.
Package pdftexcmds Info: \pdfdraftmode not found.
Package: pdfescape 2011/04/04 v1.12 Provides string conversions (HO)
Package: bigintcalc 2011/01/30 v1.2 Expandable big integer calculations (HO)
Package: bitset 2011/01/30 v1.1 Data type bit set (HO)
Package: uniquecounter 2011/01/30 v1.2 Provides unlimited unique counter (HO)
)
Package hobsub Info: Skipping package `hobsub' (already loaded).
Package: letltxmacro 2010/09/02 v1.4 Let assignment for LaTeX macros (HO)
Package: hopatch 2011/01/30 v1.0 Wrapper for package hooks (HO)
Package: xcolor-patch 2011/01/30 xcolor patch
Package: atveryend 2011/04/23 v1.7 Hooks at very end of document (HO)
Package: atbegshi 2011/01/30 v1.15 At begin shipout hook (HO)
Package: refcount 2010/12/01 v3.2 Data extraction from references (HO)
Package: hycolor 2011/01/30 v1.7 Color options of hyperref/bookmark (HO)
) (D:\ProgramData\CTEX\MiKTeX\tex\latex\oberdiek\kvoptions.sty
Package: kvoptions 2010/12/23 v3.10 Keyval support for LaTeX options (HO)
)
\@linkdim=\dimen257
\Hy@linkcounter=\count296
\Hy@pagecounter=\count297
 (D:\ProgramData\CTEX\MiKTeX\tex\latex\hyperref\pd1enc.def
File: pd1enc.def 2012/02/06 v6.82o Hyperref: PDFDocEncoding definition (HO)
)
\Hy@SavedSpaceFactor=\count298
 (D:\ProgramData\CTEX\MiKTeX\tex\latex\00miktex\hyperref.cfg
File: hyperref.cfg 2002/06/06 v1.2 hyperref configuration of TeXLive
)
Package hyperref Info: Hyper figures OFF on input line 4046.
Package hyperref Info: Link nesting OFF on input line 4051.
Package hyperref Info: Hyper index ON on input line 4054.
Package hyperref Info: Plain pages OFF on input line 4061.
Package hyperref Info: Backreferencing OFF on input line 4066.
Package hyperref Info: Implicit mode ON; LaTeX internals redefined.
Package hyperref Info: Bookmarks ON on input line 4284.
\c@Hy@tempcnt=\count299
LaTeX Info: Redefining \url on input line 4637.
\Fld@menulength=\count300
\Field@Width=\dimen258
\Fld@charsize=\dimen259
Package hyperref Info: Hyper figures OFF on input line 5757.
Package hyperref Info: Link nesting OFF on input line 5762.
Package hyperref Info: Hyper index ON on input line 5765.
Package hyperref Info: backreferencing OFF on input line 5772.
Package hyperref Info: Link coloring OFF on input line 5777.
Package hyperref Info: Link coloring with OCG OFF on input line 5782.
Package hyperref Info: PDF/A mode OFF on input line 5787.
LaTeX Info: Redefining \ref on input line 5827.
LaTeX Info: Redefining \pageref on input line 5831.
\Hy@abspage=\count301
\c@Item=\count302
\c@Hfootnote=\count303
)

Package hyperref Message: Driver (autodetected): hxetex.

(D:\ProgramData\CTEX\MiKTeX\tex\latex\hyperref\hxetex.def
File: hxetex.def 2012/02/06 v6.82o Hyperref driver for XeTeX
 (D:\ProgramData\CTEX\MiKTeX\tex\latex\hyperref\puenc.def
File: puenc.def 2012/02/06 v6.82o Hyperref: PDF Unicode definition (HO)
) (D:\ProgramData\CTEX\MiKTeX\tex\generic\oberdiek\stringenc.sty
Package: stringenc 2010/03/01 v1.8 Converts strings between encodings (HO)
)
\pdfm@box=\box47
\c@Hy@AnnotLevel=\count304
\HyField@AnnotCount=\count305
\Fld@listcount=\count306
\c@bookmark@seq@number=\count307
 (D:\ProgramData\CTEX\MiKTeX\tex\latex\oberdiek\rerunfilecheck.sty
Package: rerunfilecheck 2011/04/15 v1.7 Rerun checks for auxiliary files (HO)
Package rerunfilecheck Info: Feature \pdfmdfivesum is not available
(rerunfilecheck)             (e.g. pdfTeX or LuaTeX with package `pdftexcmds').
(rerunfilecheck)             Therefore file contents cannot be checked efficiently
(rerunfilecheck)             and the loading of the package is aborted.
)
\Hy@SectionHShift=\skip65
)
Requested font "Times New Roman" at 10.54pt
 -> C:/Windows/Fonts/times.ttf
Requested font "Times New Roman/ICU" at 10.54pt
 -> C:/Windows/Fonts/times.ttf
\g_fontspec_family_Times New Roman_int=\count308
Requested font "Times New Roman/B/ICU" at 10.54pt
 -> C:/Windows/Fonts/timesbd.ttf
Requested font "Times New Roman/B/B/ICU" at 10.54pt
 -> C:/Windows/Fonts/timesbd.ttf
Requested font "Times New Roman/I/ICU" at 10.54pt
 -> C:/Windows/Fonts/timesi.ttf
Requested font "Times New Roman/I/I/ICU" at 10.54pt
 -> C:/Windows/Fonts/timesi.ttf
Requested font "Times New Roman/BI/ICU" at 10.54pt
 -> C:/Windows/Fonts/timesbi.ttf
Requested font "Times New Roman/BI/BI/ICU" at 10.54pt
 -> C:/Windows/Fonts/timesbi.ttf
.................................................
. fontspec info: "defining-font"
. 
. Font family 'TimesNewRoman(0)' created for font 'Times New Roman' with
. options [Ligatures=TeX,].
. 
. This font family consists of the following shapes:
. 
. * 'normal' with NFSS spec.:
. <->"Times New Roman/ICU:script=latn;language=DFLT;mapping=tex-text;"
. 
. * 'small caps' with NFSS spec.:
. <->"Times New Roman/ICU:script=latn;language=DFLT;mapping=tex-text;+smcp;"
. 
. * 'bold' with NFSS spec.:
. <->"Times New Roman/B/ICU:script=latn;language=DFLT;mapping=tex-text;"
. 
. * 'bold small caps' with NFSS spec.:
. <->"Times New Roman/B/ICU:script=latn;language=DFLT;mapping=tex-text;+smcp;"
. 
. * 'italic' with NFSS spec.:
. <->"Times New Roman/I/ICU:script=latn;language=DFLT;mapping=tex-text;"
. 
. * 'italic small caps' with NFSS spec.:
. <->"Times New Roman/I/ICU:script=latn;language=DFLT;mapping=tex-text;+smcp;"
. 
. * 'bold italic' with NFSS spec.:
. <->"Times New Roman/BI/ICU:script=latn;language=DFLT;mapping=tex-text;"
. 
. * 'bold italic small caps' with NFSS spec.:
. <->"Times New
. Roman/BI/ICU:script=latn;language=DFLT;mapping=tex-text;+smcp;"
.................................................
Requested font "Times New Roman/ICU:script=latn;language=DFLT;mapping=tex-text;" at 10.54pt
 -> C:/Windows/Fonts/times.ttf
Requested font "Arial" at 10.54pt
 -> C:/Windows/Fonts/arial.ttf
Requested font "Arial/ICU" at 10.54pt
 -> C:/Windows/Fonts/arial.ttf
\g_fontspec_family_Arial_int=\count309
Requested font "Arial/B/ICU" at 10.54pt
 -> C:/Windows/Fonts/arialbd.ttf
Requested font "Arial/B/B/ICU" at 10.54pt
 -> C:/Windows/Fonts/arialbd.ttf
Requested font "Arial/I/ICU" at 10.54pt
 -> C:/Windows/Fonts/ariali.ttf
Requested font "Arial/I/I/ICU" at 10.54pt
 -> C:/Windows/Fonts/ariali.ttf
Requested font "Arial/BI/ICU" at 10.54pt
 -> C:/Windows/Fonts/arialbi.ttf
Requested font "Arial/BI/BI/ICU" at 10.54pt
 -> C:/Windows/Fonts/arialbi.ttf
.................................................
. fontspec info: "defining-font"
. 
. Font family 'Arial(0)' created for font 'Arial' with options
. [Ligatures=TeX,].
. 
. This font family consists of the following shapes:
. 
. * 'normal' with NFSS spec.:
. <->"Arial/ICU:script=latn;language=DFLT;mapping=tex-text;"
. 
. * 'small caps' with NFSS spec.:
. <->"Arial/ICU:script=latn;language=DFLT;mapping=tex-text;+smcp;"
. 
. * 'bold' with NFSS spec.:
. <->"Arial/B/ICU:script=latn;language=DFLT;mapping=tex-text;"
. 
. * 'bold small caps' with NFSS spec.:
. <->"Arial/B/ICU:script=latn;language=DFLT;mapping=tex-text;+smcp;"
. 
. * 'italic' with NFSS spec.:
. <->"Arial/I/ICU:script=latn;language=DFLT;mapping=tex-text;"
. 
. * 'italic small caps' with NFSS spec.:
. <->"Arial/I/ICU:script=latn;language=DFLT;mapping=tex-text;+smcp;"
. 
. * 'bold italic' with NFSS spec.:
. <->"Arial/BI/ICU:script=latn;language=DFLT;mapping=tex-text;"
. 
. * 'bold italic small caps' with NFSS spec.:
. <->"Arial/BI/ICU:script=latn;language=DFLT;mapping=tex-text;+smcp;"
.................................................
Requested font "Courier New" at 10.54pt
 -> C:/Windows/Fonts/cour.ttf
Requested font "Courier New/ICU" at 10.54pt
 -> C:/Windows/Fonts/cour.ttf
.................................................
. fontspec info: "set-scale"
. 
. Courier New scale = 1.057735844.
.................................................
\g_fontspec_family_Courier New_int=\count310
.................................................
. fontspec info: "set-scale"
. 
. Courier New scale = 1.057735844.
.................................................
Requested font "Courier New/B/ICU" at 10.54pt
 -> C:/Windows/Fonts/courbd.ttf
Requested font "Courier New/B/B/ICU" at 10.54pt
 -> C:/Windows/Fonts/courbd.ttf
.................................................
. fontspec info: "set-scale"
. 
. Courier New/B scale = 1.008810186.
.................................................
Requested font "Courier New/I/ICU" at 10.54pt
 -> C:/Windows/Fonts/couri.ttf
Requested font "Courier New/I/I/ICU" at 10.54pt
 -> C:/Windows/Fonts/couri.ttf
.................................................
. fontspec info: "set-scale"
. 
. Courier New/I scale = 1.057735844.
.................................................
Requested font "Courier New/BI/ICU" at 10.54pt
 -> C:/Windows/Fonts/courbi.ttf
Requested font "Courier New/BI/BI/ICU" at 10.54pt
 -> C:/Windows/Fonts/courbi.ttf
.................................................
. fontspec info: "set-scale"
. 
. Courier New/BI scale = 1.008810186.
.................................................
.................................................
. fontspec info: "defining-font"
. 
. Font family 'CourierNew(0)' created for font 'Courier New' with options
. [Ligatures=TeX,Scale=MatchLowercase].
. 
. This font family consists of the following shapes:
. 
. * 'normal' with NFSS spec.:
. <->s*[1.057735844]"Courier
. New/ICU:script=latn;language=DFLT;mapping=tex-text;"
. 
. * 'bold' with NFSS spec.:
. <->s*[1.008810186]"Courier
. New/B/ICU:script=latn;language=DFLT;mapping=tex-text;"
. 
. * 'italic' with NFSS spec.:
. <->s*[1.057735844]"Courier
. New/I/ICU:script=latn;language=DFLT;mapping=tex-text;"
. 
. * 'bold italic' with NFSS spec.:
. <->s*[1.008810186]"Courier
. New/BI/ICU:script=latn;language=DFLT;mapping=tex-text;"
.................................................
\c@definition=\count311
\c@theorem=\count312
\c@lemma=\count313
\c@corollary=\count314
\c@assumption=\count315
\c@conjecture=\count316
\c@axiom=\count317
\c@principle=\count318
\c@problem=\count319
\c@example=\count320
\c@proof=\count321
\c@solution=\count322


Package hyperref Warning: Option `hyperfootnotes' has already been used,
(hyperref)                setting the option has no effect on input line 394.


Package hyperref Warning: Option `hyperindex' has already been used,
(hyperref)                setting the option has no effect on input line 394.

Package hyperref Info: Option `colorlinks' set `true' on input line 394.
Package hyperref Info: Option `bookmarksnumbered' set `true' on input line 394.
Package hyperref Info: Option `bookmarksopen' set `true' on input line 394.
Package hyperref Info: Option `breaklinks' set `true' on input line 394.
(D:\ProgramData\CTEX\MiKTeX\tex\latex\tocloft\tocloft.sty
Package: tocloft 2010/10/13 v2.3e parameterised ToC, etc., typesetting
Package tocloft Info: The document has section divisions on input line 43.
\cftparskip=\skip66
\cftbeforetoctitleskip=\skip67
\cftaftertoctitleskip=\skip68
\cftbeforepartskip=\skip69
\cftpartnumwidth=\skip70
\cftpartindent=\skip71
\cftbeforesecskip=\skip72
\cftsecindent=\skip73
\cftsecnumwidth=\skip74
\cftbeforesubsecskip=\skip75
\cftsubsecindent=\skip76
\cftsubsecnumwidth=\skip77
\cftbeforesubsubsecskip=\skip78
\cftsubsubsecindent=\skip79
\cftsubsubsecnumwidth=\skip80
\cftbeforeparaskip=\skip81
\cftparaindent=\skip82
\cftparanumwidth=\skip83
\cftbeforesubparaskip=\skip84
\cftsubparaindent=\skip85
\cftsubparanumwidth=\skip86
\cftbeforeloftitleskip=\skip87
\cftafterloftitleskip=\skip88
\cftbeforefigskip=\skip89
\cftfigindent=\skip90
\cftfignumwidth=\skip91
\c@lofdepth=\count323
\c@lotdepth=\count324
\cftbeforelottitleskip=\skip92
\cftafterlottitleskip=\skip93
\cftbeforetabskip=\skip94
\cfttabindent=\skip95
\cfttabnumwidth=\skip96
) (D:\ProgramData\CTEX\MiKTeX\tex\latex\appendix\appendix.sty
Package: appendix 2009/09/02 v1.2b extra appendix facilities
\c@@pps=\count325
\c@@ppsavesec=\count326
\c@@ppsaveapp=\count327
)) (D:\ProgramData\CTEX\MiKTeX\tex\latex\mdframed\mdframed.sty
Package: mdframed 2012/03/04 v1.4: mdframed
 (D:\ProgramData\CTEX\MiKTeX\tex\latex\oberdiek\zref-abspage.sty
Package: zref-abspage 2011/03/18 v2.21 Module abspage for zref (HO)
 (D:\ProgramData\CTEX\MiKTeX\tex\latex\oberdiek\zref-base.sty
Package: zref-base 2011/03/18 v2.21 Module base for zref (HO)
 (D:\ProgramData\CTEX\MiKTeX\tex\latex\oberdiek\auxhook.sty
Package: auxhook 2011/03/04 v1.3 Hooks for auxiliary files (HO)
)
Package zref Info: New property list: main on input line 707.
Package zref Info: New property: default on input line 708.
Package zref Info: New property: page on input line 709.
)
\c@abspage=\count328
Package zref Info: New property: abspage on input line 62.
)
\mdf@templength=\skip97
\c@mdf@globalstyle@cnt=\count329
\mdf@skipabove@length=\skip98
\mdf@skipbelow@length=\skip99
\mdf@leftmargin@length=\skip100
\mdf@rightmargin@length=\skip101
\mdf@innerleftmargin@length=\skip102
\mdf@innerrightmargin@length=\skip103
\mdf@innertopmargin@length=\skip104
\mdf@innerbottommargin@length=\skip105
\mdf@splittopskip@length=\skip106
\mdf@splitbottomskip@length=\skip107
\mdf@outermargin@length=\skip108
\mdf@innermargin@length=\skip109
\mdf@linewidth@length=\skip110
\mdf@innerlinewidth@length=\skip111
\mdf@middlelinewidth@length=\skip112
\mdf@outerlinewidth@length=\skip113
\mdf@roundcorner@length=\skip114
\mdf@footenotedistance@length=\skip115
\mdf@userdefinedwidth@length=\skip116
\mdf@frametitleaboveskip@length=\skip117
\mdf@frametitlebelowskip@length=\skip118
\mdf@frametitlerulewidth@length=\skip119
\mdf@frametitleleftmargin@length=\skip120
\mdf@frametitlerightmargin@length=\skip121
\mdf@shadowsize@length=\skip122
 (D:\ProgramData\CTEX\MiKTeX\tex\latex\pgf\frontendlayer\tikz.sty (D:\ProgramData\CTEX\MiKTeX\tex\latex\pgf\basiclayer\pgf.sty (D:\ProgramData\CTEX\MiKTeX\tex\latex\pgf\utilities\pgfrcs.sty (D:\ProgramData\CTEX\MiKTeX\tex\generic\pgf\utilities\pgfutil-common.tex
\pgfutil@everybye=\toks33
) (D:\ProgramData\CTEX\MiKTeX\tex\generic\pgf\utilities\pgfutil-latex.def
\pgfutil@abb=\box48
 (D:\ProgramData\CTEX\MiKTeX\tex\latex\ms\everyshi.sty
Package: everyshi 2001/05/15 v3.00 EveryShipout Package (MS)
)) (D:\ProgramData\CTEX\MiKTeX\tex\generic\pgf\utilities\pgfrcs.code.tex
Package: pgfrcs 2010/10/25 v2.10 (rcs-revision 1.24)
))
Package: pgf 2008/01/15 v2.10 (rcs-revision 1.12)
 (D:\ProgramData\CTEX\MiKTeX\tex\latex\pgf\basiclayer\pgfcore.sty (D:\ProgramData\CTEX\MiKTeX\tex\latex\pgf\systemlayer\pgfsys.sty (D:\ProgramData\CTEX\MiKTeX\tex\generic\pgf\systemlayer\pgfsys.code.tex
Package: pgfsys 2010/06/30 v2.10 (rcs-revision 1.37)
 (D:\ProgramData\CTEX\MiKTeX\tex\generic\pgf\utilities\pgfkeys.code.tex
\pgfkeys@pathtoks=\toks34
\pgfkeys@temptoks=\toks35
 (D:\ProgramData\CTEX\MiKTeX\tex\generic\pgf\utilities\pgfkeysfiltered.code.tex
\pgfkeys@tmptoks=\toks36
))
\pgf@x=\dimen260
\pgf@y=\dimen261
\pgf@xa=\dimen262
\pgf@ya=\dimen263
\pgf@xb=\dimen264
\pgf@yb=\dimen265
\pgf@xc=\dimen266
\pgf@yc=\dimen267
\w@pgf@writea=\write4
\r@pgf@reada=\read1
\c@pgf@counta=\count330
\c@pgf@countb=\count331
\c@pgf@countc=\count332
\c@pgf@countd=\count333
 (D:\ProgramData\CTEX\MiKTeX\tex\generic\pgf\systemlayer\pgf.cfg
File: pgf.cfg 2008/05/14  (rcs-revision 1.7)
)
Package pgfsys Info: Driver file for pgf: pgfsys-xetex.def on input line 900.
 (D:\ProgramData\CTEX\MiKTeX\tex\generic\pgf\systemlayer\pgfsys-xetex.def
File: pgfsys-xetex.def 2010/02/16  (rcs-revision 1.3)
 (D:\ProgramData\CTEX\MiKTeX\tex\generic\pgf\systemlayer\pgfsys-common-pdf.def
File: pgfsys-common-pdf.def 2008/05/19  (rcs-revision 1.10)
) (D:\ProgramData\CTEX\MiKTeX\tex\generic\pgf\systemlayer\pgfsys-common-pdf-via-dvi.def
File: pgfsys-common-pdf-via-dvi.def 2008/05/19  (rcs-revision 1.7)
))) (D:\ProgramData\CTEX\MiKTeX\tex\generic\pgf\systemlayer\pgfsyssoftpath.code.tex
File: pgfsyssoftpath.code.tex 2008/07/18  (rcs-revision 1.7)
\pgfsyssoftpath@smallbuffer@items=\count334
\pgfsyssoftpath@bigbuffer@items=\count335
) (D:\ProgramData\CTEX\MiKTeX\tex\generic\pgf\systemlayer\pgfsysprotocol.code.tex
File: pgfsysprotocol.code.tex 2006/10/16  (rcs-revision 1.4)
)) (D:\ProgramData\CTEX\MiKTeX\tex\generic\pgf\basiclayer\pgfcore.code.tex
Package: pgfcore 2010/04/11 v2.10 (rcs-revision 1.7)
 (D:\ProgramData\CTEX\MiKTeX\tex\generic\pgf\math\pgfmath.code.tex (D:\ProgramData\CTEX\MiKTeX\tex\generic\pgf\math\pgfmathcalc.code.tex (D:\ProgramData\CTEX\MiKTeX\tex\generic\pgf\math\pgfmathutil.code.tex) (D:\ProgramData\CTEX\MiKTeX\tex\generic\pgf\math\pgfmathparser.code.tex
\pgfmath@dimen=\dimen268
\pgfmath@count=\count336
\pgfmath@box=\box49
\pgfmath@toks=\toks37
\pgfmath@stack@operand=\toks38
\pgfmath@stack@operation=\toks39
) (D:\ProgramData\CTEX\MiKTeX\tex\generic\pgf\math\pgfmathfunctions.code.tex (D:\ProgramData\CTEX\MiKTeX\tex\generic\pgf\math\pgfmathfunctions.basic.code.tex) (D:\ProgramData\CTEX\MiKTeX\tex\generic\pgf\math\pgfmathfunctions.trigonometric.code.tex) (D:\ProgramData\CTEX\MiKTeX\tex\generic\pgf\math\pgfmathfunctions.random.code.tex) (D:\ProgramData\CTEX\MiKTeX\tex\generic\pgf\math\pgfmathfunctions.comparison.code.tex) (D:\ProgramData\CTEX\MiKTeX\tex\generic\pgf\math\pgfmathfunctions.base.code.tex) (D:\ProgramData\CTEX\MiKTeX\tex\generic\pgf\math\pgfmathfunctions.round.code.tex) (D:\ProgramData\CTEX\MiKTeX\tex\generic\pgf\math\pgfmathfunctions.misc.code.tex))) (D:\ProgramData\CTEX\MiKTeX\tex\generic\pgf\math\pgfmathfloat.code.tex
\c@pgfmathroundto@lastzeros=\count337
)) (D:\ProgramData\CTEX\MiKTeX\tex\generic\pgf\basiclayer\pgfcorepoints.code.tex
File: pgfcorepoints.code.tex 2010/04/09  (rcs-revision 1.20)
\pgf@picminx=\dimen269
\pgf@picmaxx=\dimen270
\pgf@picminy=\dimen271
\pgf@picmaxy=\dimen272
\pgf@pathminx=\dimen273
\pgf@pathmaxx=\dimen274
\pgf@pathminy=\dimen275
\pgf@pathmaxy=\dimen276
\pgf@xx=\dimen277
\pgf@xy=\dimen278
\pgf@yx=\dimen279
\pgf@yy=\dimen280
\pgf@zx=\dimen281
\pgf@zy=\dimen282
) (D:\ProgramData\CTEX\MiKTeX\tex\generic\pgf\basiclayer\pgfcorepathconstruct.code.tex
File: pgfcorepathconstruct.code.tex 2010/08/03  (rcs-revision 1.24)
\pgf@path@lastx=\dimen283
\pgf@path@lasty=\dimen284
) (D:\ProgramData\CTEX\MiKTeX\tex\generic\pgf\basiclayer\pgfcorepathusage.code.tex
File: pgfcorepathusage.code.tex 2008/04/22  (rcs-revision 1.12)
\pgf@shorten@end@additional=\dimen285
\pgf@shorten@start@additional=\dimen286
) (D:\ProgramData\CTEX\MiKTeX\tex\generic\pgf\basiclayer\pgfcorescopes.code.tex
File: pgfcorescopes.code.tex 2010/09/08  (rcs-revision 1.34)
\pgfpic=\box50
\pgf@hbox=\box51
\pgf@layerbox@main=\box52
\pgf@picture@serial@count=\count338
) (D:\ProgramData\CTEX\MiKTeX\tex\generic\pgf\basiclayer\pgfcoregraphicstate.code.tex
File: pgfcoregraphicstate.code.tex 2008/04/22  (rcs-revision 1.9)
\pgflinewidth=\dimen287
) (D:\ProgramData\CTEX\MiKTeX\tex\generic\pgf\basiclayer\pgfcoretransformations.code.tex
File: pgfcoretransformations.code.tex 2009/06/10  (rcs-revision 1.11)
\pgf@pt@x=\dimen288
\pgf@pt@y=\dimen289
\pgf@pt@temp=\dimen290
) (D:\ProgramData\CTEX\MiKTeX\tex\generic\pgf\basiclayer\pgfcorequick.code.tex
File: pgfcorequick.code.tex 2008/10/09  (rcs-revision 1.3)
) (D:\ProgramData\CTEX\MiKTeX\tex\generic\pgf\basiclayer\pgfcoreobjects.code.tex
File: pgfcoreobjects.code.tex 2006/10/11  (rcs-revision 1.2)
) (D:\ProgramData\CTEX\MiKTeX\tex\generic\pgf\basiclayer\pgfcorepathprocessing.code.tex
File: pgfcorepathprocessing.code.tex 2008/10/09  (rcs-revision 1.8)
) (D:\ProgramData\CTEX\MiKTeX\tex\generic\pgf\basiclayer\pgfcorearrows.code.tex
File: pgfcorearrows.code.tex 2008/04/23  (rcs-revision 1.11)
) (D:\ProgramData\CTEX\MiKTeX\tex\generic\pgf\basiclayer\pgfcoreshade.code.tex
File: pgfcoreshade.code.tex 2008/11/23  (rcs-revision 1.13)
\pgf@max=\dimen291
\pgf@sys@shading@range@num=\count339
) (D:\ProgramData\CTEX\MiKTeX\tex\generic\pgf\basiclayer\pgfcoreimage.code.tex
File: pgfcoreimage.code.tex 2010/03/25  (rcs-revision 1.16)
 (D:\ProgramData\CTEX\MiKTeX\tex\generic\pgf\basiclayer\pgfcoreexternal.code.tex
File: pgfcoreexternal.code.tex 2010/09/01  (rcs-revision 1.17)
\pgfexternal@startupbox=\box53
)) (D:\ProgramData\CTEX\MiKTeX\tex\generic\pgf\basiclayer\pgfcorelayers.code.tex
File: pgfcorelayers.code.tex 2010/08/27  (rcs-revision 1.2)
) (D:\ProgramData\CTEX\MiKTeX\tex\generic\pgf\basiclayer\pgfcoretransparency.code.tex
File: pgfcoretransparency.code.tex 2008/01/17  (rcs-revision 1.2)
) (D:\ProgramData\CTEX\MiKTeX\tex\generic\pgf\basiclayer\pgfcorepatterns.code.tex
File: pgfcorepatterns.code.tex 2009/07/02  (rcs-revision 1.3)
))) (D:\ProgramData\CTEX\MiKTeX\tex\generic\pgf\modules\pgfmoduleshapes.code.tex
File: pgfmoduleshapes.code.tex 2010/09/09  (rcs-revision 1.13)
\pgfnodeparttextbox=\box54
) (D:\ProgramData\CTEX\MiKTeX\tex\generic\pgf\modules\pgfmoduleplot.code.tex
File: pgfmoduleplot.code.tex 2010/10/22  (rcs-revision 1.8)
) (D:\ProgramData\CTEX\MiKTeX\tex\latex\pgf\compatibility\pgfcomp-version-0-65.sty
Package: pgfcomp-version-0-65 2007/07/03 v2.10 (rcs-revision 1.7)
\pgf@nodesepstart=\dimen292
\pgf@nodesepend=\dimen293
) (D:\ProgramData\CTEX\MiKTeX\tex\latex\pgf\compatibility\pgfcomp-version-1-18.sty
Package: pgfcomp-version-1-18 2007/07/23 v2.10 (rcs-revision 1.1)
)) (D:\ProgramData\CTEX\MiKTeX\tex\latex\pgf\utilities\pgffor.sty (D:\ProgramData\CTEX\MiKTeX\tex\latex\pgf\utilities\pgfkeys.sty (D:\ProgramData\CTEX\MiKTeX\tex\generic\pgf\utilities\pgfkeys.code.tex)) (D:\ProgramData\CTEX\MiKTeX\tex\generic\pgf\utilities\pgffor.code.tex
Package: pgffor 2010/03/23 v2.10 (rcs-revision 1.18)
\pgffor@iter=\dimen294
\pgffor@skip=\dimen295
\pgffor@stack=\toks40
\pgffor@toks=\toks41
)) (D:\ProgramData\CTEX\MiKTeX\tex\generic\pgf\frontendlayer\tikz\tikz.code.tex
Package: tikz 2010/10/13 v2.10 (rcs-revision 1.76)
 (D:\ProgramData\CTEX\MiKTeX\tex\generic\pgf\libraries\pgflibraryplothandlers.code.tex
File: pgflibraryplothandlers.code.tex 2010/05/31 v2.10 (rcs-revision 1.15)
\pgf@plot@mark@count=\count340
\pgfplotmarksize=\dimen296
)
\tikz@lastx=\dimen297
\tikz@lasty=\dimen298
\tikz@lastxsaved=\dimen299
\tikz@lastysaved=\dimen300
\tikzleveldistance=\dimen301
\tikzsiblingdistance=\dimen302
\tikz@figbox=\box55
\tikz@tempbox=\box56
\tikztreelevel=\count341
\tikznumberofchildren=\count342
\tikznumberofcurrentchild=\count343
\tikz@fig@count=\count344
 (D:\ProgramData\CTEX\MiKTeX\tex\generic\pgf\modules\pgfmodulematrix.code.tex
File: pgfmodulematrix.code.tex 2010/08/24  (rcs-revision 1.4)
\pgfmatrixcurrentrow=\count345
\pgfmatrixcurrentcolumn=\count346
\pgf@matrix@numberofcolumns=\count347
)
\tikz@expandcount=\count348
 (D:\ProgramData\CTEX\MiKTeX\tex\generic\pgf\frontendlayer\tikz\libraries\tikzlibrarytopaths.code.tex
File: tikzlibrarytopaths.code.tex 2008/06/17 v2.10 (rcs-revision 1.2)
)))
\mdf@frametitlebox=\box57
\mdf@footnotebox=\box58
\mdf@splitbox@one=\box59
\mdf@splitbox@two=\box60
\mdfsplitboxwidth=\skip123
\mdfsplitboxtotalwidth=\skip124
\mdfsplitboxheight=\skip125
\mdfsplitboxdepth=\skip126
\mdfsplitboxtotalheight=\skip127
\mdfframetitleboxwidth=\skip128
\mdfframetitleboxtotalwidth=\skip129
\mdfframetitleboxheight=\skip130
\mdfframetitleboxdepth=\skip131
\mdfframetitleboxtotalheight=\skip132
\mdffootnoteboxwidth=\skip133
\mdffootnoteboxtotalwidth=\skip134
\mdffootnoteboxheight=\skip135
\mdffootnoteboxdepth=\skip136
\mdffootnoteboxtotalheight=\skip137
\mdftotallinewidth=\skip138
\mdfboundingboxwidth=\skip139
\mdfboundingboxtotalwidth=\skip140
\mdfboundingboxheight=\skip141
\mdfboundingboxdepth=\skip142
\mdfboundingboxtotalheight=\skip143
\mdf@freevspace@length=\skip144
\mdf@horizontalwidthofbox@length=\skip145
\mdf@verticalmarginwhole@length=\skip146
.................................................
. LaTeX info: "xparse/define-command"
. 
. Defining document command \newmdtheoremenv with arg. spec. 'O{} m o m o ' on
. line 483.
.................................................
.................................................
. LaTeX info: "xparse/define-command"
. 
. Defining document command \mdtheorem with arg. spec. ' O{} m o m o ' on line
. 563.
.................................................
 (D:\ProgramData\CTEX\MiKTeX\tex\latex\mdframed\md-frame-1.mdf
File: md-frame-1.mdf 2012/03/04  v1.4: md-frame-1
)
\c@mdf@zref@counter=\count349
Package zref Info: New property: mdf@pagevalue on input line 764.
\mdf@horizontalspaceofbox=\skip147
) (D:\ProgramData\CTEX\MiKTeX\tex\latex\subfig\subfig.sty
Package: subfig 2005/06/28 ver: 1.3 subfig package
\c@KVtest=\count350
\sf@farskip=\skip148
\sf@captopadj=\dimen303
\sf@capskip=\skip149
\sf@nearskip=\skip150
\c@subfigure=\count351
\c@subfigure@save=\count352
\c@subtable=\count353
\c@subtable@save=\count354
\sf@top=\skip151
\sf@bottom=\skip152
) (D:\ProgramData\CTEX\MiKTeX\tex\latex\colortbl\colortbl.sty
Package: colortbl 2001/02/13 v0.1j Color table columns (DPC)
\everycr=\toks42
\minrowclearance=\skip153
) (D:\ProgramData\CTEX\MiKTeX\tex\latex\algorithmicx\algpseudocode.sty
Package: algpseudocode 
 (D:\ProgramData\CTEX\MiKTeX\tex\latex\algorithmicx\algorithmicx.sty
Package: algorithmicx 2005/04/27 v1.2 Algorithmicx

Document Style algorithmicx 1.2 - a greatly improved `algorithmic' style
\c@ALG@line=\count355
\c@ALG@rem=\count356
\c@ALG@nested=\count357
\ALG@tlm=\skip154
\ALG@thistlm=\skip155
\c@ALG@Lnr=\count358
\c@ALG@blocknr=\count359
\c@ALG@storecount=\count360
\c@ALG@tmpcounter=\count361
\ALG@tmplength=\skip156
)
Document Style - pseudocode environments for use with the `algorithmicx' style
) (D:\ProgramData\CTEX\MiKTeX\tex\latex\algorithms\algorithm.sty
Invalid UTF-8 byte or sequence at line 11 replaced by U+FFFD.
Package: algorithm 2009/08/24 v0.1 Document Style `algorithm' - floating environment
 (D:\ProgramData\CTEX\MiKTeX\tex\latex\float\float.sty
Package: float 2001/11/08 v1.3d Float enhancements (AL)
\c@float@type=\count362
\float@exts=\toks43
\float@box=\box61
\@float@everytoks=\toks44
\@floatcapt=\box62
)
\@float@every@algorithm=\toks45
\c@algorithm=\count363
)

LaTeX Warning: Unused global option(s):
    [zihao=-4].

(d:\Xingx\Project\20221006-华为杯E题-杜兴兴\GMCMthesis-master\GMCMthesis-master\example.aux)
LaTeX Font Info:    Checking defaults for OML/cmm/m/it on input line 52.
LaTeX Font Info:    ... okay on input line 52.
LaTeX Font Info:    Checking defaults for T1/cmr/m/n on input line 52.
LaTeX Font Info:    ... okay on input line 52.
LaTeX Font Info:    Checking defaults for OT1/cmr/m/n on input line 52.
LaTeX Font Info:    ... okay on input line 52.
LaTeX Font Info:    Checking defaults for OMS/cmsy/m/n on input line 52.
LaTeX Font Info:    ... okay on input line 52.
LaTeX Font Info:    Checking defaults for OMX/cmex/m/n on input line 52.
LaTeX Font Info:    ... okay on input line 52.
LaTeX Font Info:    Checking defaults for U/cmr/m/n on input line 52.
LaTeX Font Info:    ... okay on input line 52.
LaTeX Font Info:    Checking defaults for TS1/cmr/m/n on input line 52.
LaTeX Font Info:    ... okay on input line 52.
LaTeX Font Info:    Checking defaults for EU1/lmr/m/n on input line 52.
LaTeX Font Info:    ... okay on input line 52.
LaTeX Font Info:    Checking defaults for T3/cmr/m/n on input line 52.
LaTeX Font Info:    Try loading font information for T3+cmr on input line 52.
 (D:\ProgramData\CTEX\MiKTeX\tex\latex\tipa\t3cmr.fd
File: t3cmr.fd 2001/12/31 TIPA font definitions
)
LaTeX Font Info:    ... okay on input line 52.
LaTeX Font Info:    Checking defaults for PD1/pdf/m/n on input line 52.
LaTeX Font Info:    ... okay on input line 52.
LaTeX Font Info:    Checking defaults for PU/pdf/m/n on input line 52.
LaTeX Font Info:    ... okay on input line 52.
.................................................
. fontspec info: "setup-math"
. 
. Adjusting the maths setup (use [no-math] to avoid this).
.................................................
\symlegacymaths=\mathgroup9
LaTeX Font Info:    Overwriting symbol font `legacymaths' in version `bold'
(Font)                  OT1/cmr/m/n --> OT1/cmr/bx/n on input line 52.
LaTeX Font Info:    Redeclaring math accent \acute on input line 52.
LaTeX Font Info:    Redeclaring math accent \grave on input line 52.
LaTeX Font Info:    Redeclaring math accent \ddot on input line 52.
LaTeX Font Info:    Redeclaring math accent \tilde on input line 52.
LaTeX Font Info:    Redeclaring math accent \bar on input line 52.
LaTeX Font Info:    Redeclaring math accent \breve on input line 52.
LaTeX Font Info:    Redeclaring math accent \check on input line 52.
LaTeX Font Info:    Redeclaring math accent \hat on input line 52.
LaTeX Font Info:    Redeclaring math accent \dot on input line 52.
LaTeX Font Info:    Redeclaring math accent \mathring on input line 52.
LaTeX Font Info:    Redeclaring math symbol \Gamma on input line 52.
LaTeX Font Info:    Redeclaring math symbol \Delta on input line 52.
LaTeX Font Info:    Redeclaring math symbol \Theta on input line 52.
LaTeX Font Info:    Redeclaring math symbol \Lambda on input line 52.
LaTeX Font Info:    Redeclaring math symbol \Xi on input line 52.
LaTeX Font Info:    Redeclaring math symbol \Pi on input line 52.
LaTeX Font Info:    Redeclaring math symbol \Sigma on input line 52.
LaTeX Font Info:    Redeclaring math symbol \Upsilon on input line 52.
LaTeX Font Info:    Redeclaring math symbol \Phi on input line 52.
LaTeX Font Info:    Redeclaring math symbol \Psi on input line 52.
LaTeX Font Info:    Redeclaring math symbol \Omega on input line 52.
LaTeX Font Info:    Redeclaring math symbol \mathdollar on input line 52.
LaTeX Font Info:    Redeclaring symbol font `operators' on input line 52.
LaTeX Font Info:    Encoding `OT1' has changed to `EU1' for symbol font
(Font)              `operators' in the math version `normal' on input line 52.
LaTeX Font Info:    Overwriting symbol font `operators' in version `normal'
(Font)                  OT1/cmr/m/n --> EU1/TimesNewRoman(0)/m/n on input line 52.
LaTeX Font Info:    Encoding `OT1' has changed to `EU1' for symbol font
(Font)              `operators' in the math version `bold' on input line 52.
LaTeX Font Info:    Overwriting symbol font `operators' in version `bold'
(Font)                  OT1/cmr/bx/n --> EU1/TimesNewRoman(0)/m/n on input line 52.
LaTeX Font Info:    Overwriting symbol font `operators' in version `normal'
(Font)                  EU1/TimesNewRoman(0)/m/n --> EU1/TimesNewRoman(0)/m/n on input line 52.
LaTeX Font Info:    Overwriting math alphabet `\mathrm' in version `normal'
(Font)                  EU1/TimesNewRoman(0)/m/n --> EU1/TimesNewRoman(0)/m/n on input line 52.
LaTeX Font Info:    Overwriting math alphabet `\mathit' in version `normal'
(Font)                  OT1/cmr/m/it --> EU1/TimesNewRoman(0)/m/it on input line 52.
LaTeX Font Info:    Overwriting math alphabet `\mathbf' in version `normal'
(Font)                  OT1/cmr/bx/n --> EU1/TimesNewRoman(0)/bx/n on input line 52.
LaTeX Font Info:    Overwriting math alphabet `\mathsf' in version `normal'
(Font)                  OT1/cmss/m/n --> EU1/Arial(0)/m/n on input line 52.
LaTeX Font Info:    Overwriting math alphabet `\mathtt' in version `normal'
(Font)                  OT1/cmtt/m/n --> EU1/CourierNew(0)/m/n on input line 52.
LaTeX Font Info:    Overwriting symbol font `operators' in version `bold'
(Font)                  EU1/TimesNewRoman(0)/m/n --> EU1/TimesNewRoman(0)/bx/n on input line 52.
LaTeX Font Info:    Overwriting math alphabet `\mathrm' in version `bold'
(Font)                  EU1/TimesNewRoman(0)/m/n --> EU1/TimesNewRoman(0)/bx/n on input line 52.
LaTeX Font Info:    Overwriting math alphabet `\mathit' in version `bold'
(Font)                  OT1/cmr/bx/it --> EU1/TimesNewRoman(0)/bx/it on input line 52.
LaTeX Font Info:    Overwriting math alphabet `\mathsf' in version `bold'
(Font)                  OT1/cmss/bx/n --> EU1/Arial(0)/bx/n on input line 52.
LaTeX Font Info:    Overwriting math alphabet `\mathtt' in version `bold'
(Font)                  OT1/cmtt/m/n --> EU1/CourierNew(0)/bx/n on input line 52.

*geometry* detected driver: pdftex
*geometry* verbose mode - [ preamble ] result:
* driver: pdftex
* paper: <default>
* layout: <same size as paper>
* layoutoffset:(h,v)=(0.0pt,0.0pt)
* modes: 
* h-part:(L,W,R)=(64.01869pt, 469.47049pt, 64.01869pt)
* v-part:(T,H,B)=(85.35826pt, 688.5567pt, 71.13188pt)
* \paperwidth=597.50787pt
* \paperheight=845.04684pt
* \textwidth=469.47049pt
* \textheight=688.5567pt
* \oddsidemargin=-8.2513pt
* \evensidemargin=-8.2513pt
* \topmargin=-21.67392pt
* \headheight=12.0pt
* \headsep=22.76219pt
* \topskip=10.0pt
* \footskip=30.0pt
* \marginparwidth=57.0pt
* \marginparsep=11.0pt
* \columnsep=10.0pt
* \skip\footins=9.0pt plus 4.0pt minus 2.0pt
* \hoffset=0.0pt
* \voffset=0.0pt
* \mag=1000
* \@twocolumnfalse
* \@twosidefalse
* \@mparswitchfalse
* \@reversemarginfalse
* (1in=72.27pt=25.4mm, 1cm=28.453pt)

\c@lstlisting=\count364
Package caption Info: Begin \AtBeginDocument code.
Package caption Info: subfig package v1.3 is loaded.
Package caption Info: float package is loaded.
Package caption Info: hyperref package is loaded.
Package caption Info: End \AtBeginDocument code.
\AtBeginShipoutBox=\box63
Package hyperref Info: Link coloring OFF on input line 52.
(D:\ProgramData\CTEX\MiKTeX\tex\latex\hyperref\nameref.sty
Package: nameref 2010/04/30 v2.40 Cross-referencing by name of section
 (D:\ProgramData\CTEX\MiKTeX\tex\generic\oberdiek\gettitlestring.sty
Package: gettitlestring 2010/12/03 v1.4 Cleanup title references (HO)
)
\c@section@level=\count365
)
LaTeX Info: Redefining \ref on input line 52.
LaTeX Info: Redefining \pageref on input line 52.
LaTeX Info: Redefining \nameref on input line 52.
 (d:\Xingx\Project\20221006-华为杯E题-杜兴兴\GMCMthesis-master\GMCMthesis-master\example.out) (d:\Xingx\Project\20221006-华为杯E题-杜兴兴\GMCMthesis-master\GMCMthesis-master\example.out)
\@outlinefile=\write5
 ABD: EveryShipout initializing macros (D:\ProgramData\CTEX\MiKTeX\tex\generic\oberdiek\se-ascii-print.def
File: se-ascii-print.def 2010/03/01 v1.8 stringenc: Printable ASCII characters
)
File: figures/logo.pdf Graphic file (type QTm)
 <use  "figures/logo.pdf" >
Requested font "Times New Roman/ICU:script=latn;language=DFLT;mapping=tex-text;" at 22.08pt
 -> C:/Windows/Fonts/times.ttf
File: figures/title.pdf Graphic file (type QTm)
 <use  "figures/title.pdf" >
Requested font "Times New Roman/ICU:script=latn;language=DFLT;mapping=tex-text;" at 7.0pt
 -> C:/Windows/Fonts/times.ttf
Requested font "Times New Roman/ICU:script=latn;language=DFLT;mapping=tex-text;" at 5.0pt
 -> C:/Windows/Fonts/times.ttf
Requested font "cmmi10" at 10.54pt
 -> cmmi10
Requested font "cmsy10" at 10.54pt
 -> cmsy10
Requested font "cmex10" at 10.54pt
 -> cmex10
Requested font "cmex7" at 7.0pt
 -> cmex7
Requested font "cmex7" at 5.0pt
 -> cmex7
 (D:\ProgramData\CTEX\MiKTeX\tex\latex\amsfonts\umsa.fd)
Requested font "msam10" at 10.54pt
 -> msam10
Requested font "msam7" at 7.0pt
 -> msam7
Requested font "msam5" at 5.0pt
 -> msam5
 (D:\ProgramData\CTEX\MiKTeX\tex\latex\amsfonts\umsb.fd)
Requested font "msbm10" at 10.54pt
 -> msbm10
Requested font "msbm7" at 7.0pt
 -> msbm7
Requested font "msbm5" at 5.0pt
 -> msbm5
Requested font "cmbx10" at 10.54pt
 -> cmbx10
Requested font "cmbx7" at 7.0pt
 -> cmbx7
Requested font "cmbx5" at 5.0pt
 -> cmbx5
Requested font "cmmib10" at 10.54pt
 -> cmmib10
Requested font "cmmib7" at 7.0pt
 -> cmmib7
Requested font "cmmib5" at 5.0pt
 -> cmmib5
Requested font "cmbsy10" at 10.54pt
 -> cmbsy10
Requested font "cmbsy7" at 7.0pt
 -> cmbsy7
Requested font "cmbsy5" at 5.0pt
 -> cmbsy5
Requested font "cmr10" at 10.54pt
 -> cmr10
Requested font "Times New Roman/ICU:script=latn;language=DFLT;mapping=tex-text;" at 18.07pt
 -> C:/Windows/Fonts/times.ttf
Requested font "Times New Roman/B/ICU:script=latn;language=DFLT;mapping=tex-text;" at 18.07pt
 -> C:/Windows/Fonts/timesbd.ttf
Requested font "SimSun" at 18.07pt
 -> D:/ProgramData/CTEX/CTeX/fonts/truetype/chinese/simsun.ttf
Requested font "SimSun/ICU" at 18.07pt
 -> D:/ProgramData/CTEX/CTeX/fonts/truetype/chinese/simsun.ttf
Requested font "KaiTi/ICU" at 18.07pt
 -> C:/Windows/Fonts/simkai.ttf
Requested font "SimSun/I/ICU" at 18.07pt
 -> D:/ProgramData/CTEX/CTeX/fonts/truetype/chinese/simsun.ttf
.................................................
. fontspec info: "no-font-shape"
. 
. Could not resolve font SimSun/I (it probably doesn't exist).
.................................................
.................................................
. fontspec info: "defining-font"
. 
. Font family 'SimSun(0)' created for font 'SimSun' with options
. [Ligatures=TeX,BoldFont={SimSun},BoldFeatures={RawFeature={embolden=4}},AutoFakeBold=2.15,ItalicFont=KaiTi].
. 
. This font family consists of the following shapes:
. 
. * 'normal' with NFSS spec.:
. <->"SimSun/ICU:script=latn;language=DFLT;mapping=tex-text;"
. 
. * 'bold' with NFSS spec.:
. 
. <->"SimSun/ICU:script=latn;language=DFLT;mapping=tex-text;embolden=4;embolden=2.15;"
. 
. * 'italic' with NFSS spec.:
. <->"KaiTi/ICU:script=latn;language=DFLT;mapping=tex-text;"
.................................................
Requested font "SimSun/ICU:script=latn;language=DFLT;mapping=tex-text;embolden=4;embolden=2.15;" at 18.07pt
 -> D:/ProgramData/CTEX/CTeX/fonts/truetype/chinese/simsun.ttf
 [1


]
File: figures/title.pdf Graphic file (type QTm)
 <use  "figures/title.pdf" >
Requested font "Times New Roman/ICU:script=latn;language=DFLT;mapping=tex-text;" at 14.05pt
 -> C:/Windows/Fonts/times.ttf
Requested font "SimSun" at 14.05pt
 -> D:/ProgramData/CTEX/CTeX/fonts/truetype/chinese/simsun.ttf
Requested font "SimSun/ICU" at 14.05pt
 -> D:/ProgramData/CTEX/CTeX/fonts/truetype/chinese/simsun.ttf
.................................................
. fontspec info: "defining-font"
. 
. Font family 'SimSun(0)' created for font 'SimSun' with options
. [Ligatures=TeX,BoldFont={SimSun},BoldFeatures={RawFeature={embolden=4}},AutoFakeBold=2.15,ItalicFont=KaiTi].
. 
. This font family consists of the following shapes:
.................................................
Requested font "SimSun/ICU:script=latn;language=DFLT;mapping=tex-text;" at 14.05pt
 -> D:/ProgramData/CTEX/CTeX/fonts/truetype/chinese/simsun.ttf
Requested font "Times New Roman/ICU:script=latn;language=DFLT;mapping=tex-text;" at 16.06pt
 -> C:/Windows/Fonts/times.ttf
Requested font "SimHei" at 16.06pt
 -> C:/Windows/Fonts/simhei.ttf
Requested font "SimHei/ICU" at 16.06pt
 -> C:/Windows/Fonts/simhei.ttf
Requested font "SimHei/I/ICU" at 16.06pt
 -> C:/Windows/Fonts/simhei.ttf
.................................................
. fontspec info: "no-font-shape"
. 
. Could not resolve font SimHei/I (it probably doesn't exist).
.................................................
Requested font "SimHei/I/ICU" at 16.06pt
 -> C:/Windows/Fonts/simhei.ttf
.................................................
. fontspec info: "no-font-shape"
. 
. Could not resolve font SimHei/I (it probably doesn't exist).
.................................................
.................................................
. fontspec info: "defining-font"
. 
. Font family 'SimHei(0)' created for font 'SimHei' with options
. [Ligatures=TeX,BoldFont={SimHei},BoldFeatures={RawFeature={embolden=4}},AutoFakeBold=2.15].
. 
. This font family consists of the following shapes:
. 
. * 'normal' with NFSS spec.:
. <->"SimHei/ICU:script=latn;language=DFLT;mapping=tex-text;"
. 
. * 'bold' with NFSS spec.:
. 
. <->"SimHei/ICU:script=latn;language=DFLT;mapping=tex-text;embolden=4;embolden=2.15;"
.................................................
Requested font "SimHei/ICU:script=latn;language=DFLT;mapping=tex-text;" at 16.06pt
 -> C:/Windows/Fonts/simhei.ttf
Requested font "LiSu" at 16.06pt
 -> C:/Windows/Fonts/SIMLI.TTF
Requested font "LiSu/ICU" at 16.06pt
 -> C:/Windows/Fonts/SIMLI.TTF
.................................................
. fontspec info: "no-scripts"
. 
. Font LiSu does not contain any OpenType `Script' information.
.................................................
\g_fontspec_family_LiSu_int=\count368
Requested font "LiSu/I/ICU" at 16.06pt
 -> C:/Windows/Fonts/SIMLI.TTF
.................................................
. fontspec info: "no-font-shape"
. 
. Could not resolve font LiSu/I (it probably doesn't exist).
.................................................
Requested font "LiSu/I/ICU" at 16.06pt
 -> C:/Windows/Fonts/SIMLI.TTF
.................................................
. fontspec info: "no-font-shape"
. 
. Could not resolve font LiSu/I (it probably doesn't exist).
.................................................
.................................................
. fontspec info: "defining-font"
. 
. Font family 'LiSu(0)' created for font 'LiSu' with options
. [Ligatures=TeX,BoldFont={LiSu},BoldFeatures={RawFeature={embolden=4}}].
. 
. This font family consists of the following shapes:
. 
. * 'normal' with NFSS spec.:
. <->"LiSu/ICU:mapping=tex-text;"
. 
. * 'bold' with NFSS spec.:
. <->"LiSu/ICU:mapping=tex-text;embolden=4;"
.................................................
Requested font "LiSu/ICU:mapping=tex-text;" at 16.06pt
 -> C:/Windows/Fonts/SIMLI.TTF
Requested font "SimSun" at 10.54pt
 -> D:/ProgramData/CTEX/CTeX/fonts/truetype/chinese/simsun.ttf
Requested font "SimSun/ICU" at 10.54pt
 -> D:/ProgramData/CTEX/CTeX/fonts/truetype/chinese/simsun.ttf
.................................................
. fontspec info: "defining-font"
. 
. Font family 'SimSun(0)' created for font 'SimSun' with options
. [Ligatures=TeX,BoldFont={SimSun},BoldFeatures={RawFeature={embolden=4}},AutoFakeBold=2.15,ItalicFont=KaiTi].
. 
. This font family consists of the following shapes:
.................................................
Requested font "SimSun/ICU:script=latn;language=DFLT;mapping=tex-text;" at 10.54pt
 -> D:/ProgramData/CTEX/CTeX/fonts/truetype/chinese/simsun.ttf
Requested font "Times New Roman/B/ICU:script=latn;language=DFLT;mapping=tex-text;" at 10.54pt
 -> C:/Windows/Fonts/timesbd.ttf
.................................................
. fontspec info: "defining-font"
. 
. Font family 'SimSun(0)' created for font 'SimSun' with options
. [Ligatures=TeX,BoldFont={SimSun},BoldFeatures={RawFeature={embolden=4}},AutoFakeBold=2.15,ItalicFont=KaiTi].
. 
. This font family consists of the following shapes:
.................................................
Requested font "SimSun/ICU:script=latn;language=DFLT;mapping=tex-text;embolden=4;embolden=2.15;" at 10.54pt
 -> D:/ProgramData/CTEX/CTeX/fonts/truetype/chinese/simsun.ttf
Requested font "Times New Roman/ICU:script=latn;language=DFLT;mapping=tex-text;" at 12.05pt
 -> C:/Windows/Fonts/times.ttf
Requested font "SimHei" at 12.05pt
 -> C:/Windows/Fonts/simhei.ttf
Requested font "SimHei/ICU" at 12.05pt
 -> C:/Windows/Fonts/simhei.ttf
.................................................
. fontspec info: "defining-font"
. 
. Font family 'SimHei(0)' created for font 'SimHei' with options
. [Ligatures=TeX,BoldFont={SimHei},BoldFeatures={RawFeature={embolden=4}},AutoFakeBold=2.15].
. 
. This font family consists of the following shapes:
.................................................
Requested font "SimHei/ICU:script=latn;language=DFLT;mapping=tex-text;" at 12.05pt
 -> C:/Windows/Fonts/simhei.ttf
 [1

]
Requested font "Times New Roman/B/ICU:script=latn;language=DFLT;mapping=tex-text;" at 14.05pt
 -> C:/Windows/Fonts/timesbd.ttf
Requested font "SimHei" at 14.05pt
 -> C:/Windows/Fonts/simhei.ttf
Requested font "SimHei/ICU" at 14.05pt
 -> C:/Windows/Fonts/simhei.ttf
.................................................
. fontspec info: "defining-font"
. 
. Font family 'SimHei(0)' created for font 'SimHei' with options
. [Ligatures=TeX,BoldFont={SimHei},BoldFeatures={RawFeature={embolden=4}},AutoFakeBold=2.15].
. 
. This font family consists of the following shapes:
.................................................
Requested font "SimHei/ICU:script=latn;language=DFLT;mapping=tex-text;embolden=4;embolden=2.15;" at 14.05pt
 -> C:/Windows/Fonts/simhei.ttf
 (d:\Xingx\Project\20221006-华为杯E题-杜兴兴\GMCMthesis-master\GMCMthesis-master\example.toc
Requested font "Times New Roman/B/ICU:script=latn;language=DFLT;mapping=tex-text;" at 12.05pt
 -> C:/Windows/Fonts/timesbd.ttf
.................................................
. fontspec info: "defining-font"
. 
. Font family 'SimHei(0)' created for font 'SimHei' with options
. [Ligatures=TeX,BoldFont={SimHei},BoldFeatures={RawFeature={embolden=4}},AutoFakeBold=2.15].
. 
. This font family consists of the following shapes:
.................................................
Requested font "SimHei/ICU:script=latn;language=DFLT;mapping=tex-text;embolden=4;embolden=2.15;" at 12.05pt
 -> C:/Windows/Fonts/simhei.ttf
)
\tf@toc=\write6
 [2]

Package hyperref Warning: Token not allowed in a PDF string (Unicode):
(hyperref)                \kern 0.52702pt
(hyperref)                removed on input line 97.


Package hyperref Warning: Token not allowed in a PDF string (Unicode):
(hyperref)                \kern 0.52702pt
(hyperref)                removed on input line 97.


Package hyperref Warning: Token not allowed in a PDF string (Unicode):
(hyperref)                \kern 0.52702pt
(hyperref)                removed on input line 102.


Package hyperref Warning: Token not allowed in a PDF string (Unicode):
(hyperref)                \kern 0.52702pt
(hyperref)                removed on input line 102.

[3

]

Package hyperref Warning: Token not allowed in a PDF string (Unicode):
(hyperref)                \kern 0.52702pt
(hyperref)                removed on input line 190.


Package hyperref Warning: Token not allowed in a PDF string (Unicode):
(hyperref)                \kern 0.52702pt
(hyperref)                removed on input line 190.


Package hyperref Warning: Token not allowed in a PDF string (Unicode):
(hyperref)                \kern 0.52702pt
(hyperref)                removed on input line 194.


Package hyperref Warning: Token not allowed in a PDF string (Unicode):
(hyperref)                \kern 0.52702pt
(hyperref)                removed on input line 194.

[4

]
Package hyperref Info: bookmark level for unknown algorithm defaults to 0 on input line 200.
Requested font "Times New Roman/ICU:script=latn;language=DFLT;mapping=tex-text;" at 7.53pt
 -> C:/Windows/Fonts/times.ttf


Package hyperref Warning: Token not allowed in a PDF string (Unicode):
(hyperref)                \kern 0.52702pt
(hyperref)                removed on input line 227.


Package hyperref Warning: Token not allowed in a PDF string (Unicode):
(hyperref)                \kern 0.52702pt
(hyperref)                removed on input line 227.

Requested font "SimSun" at 12.05pt
 -> D:/ProgramData/CTEX/CTeX/fonts/truetype/chinese/simsun.ttf
Requested font "SimSun/ICU" at 12.05pt
 -> D:/ProgramData/CTEX/CTeX/fonts/truetype/chinese/simsun.ttf
Requested font "SimSun/I/ICU" at 12.05pt
 -> D:/ProgramData/CTEX/CTeX/fonts/truetype/chinese/simsun.ttf
.................................................
. fontspec info: "no-font-shape"
. 
. Could not resolve font SimSun/I (it probably doesn't exist).
.................................................
Requested font "SimSun/I/ICU" at 12.05pt
 -> D:/ProgramData/CTEX/CTeX/fonts/truetype/chinese/simsun.ttf
.................................................
. fontspec info: "no-font-shape"
. 
. Could not resolve font SimSun/I (it probably doesn't exist).
.................................................
.................................................
. fontspec info: "defining-font"
. 
. Font family 'SimSun(1)' created for font 'SimSun' with options
. [Ligatures=TeX,BoldFont={SimSun},BoldFeatures={RawFeature={embolden=4}},AutoFakeBold=2.15].
. 
. This font family consists of the following shapes:
. 
. * 'normal' with NFSS spec.:
. <->"SimSun/ICU:script=latn;language=DFLT;mapping=tex-text;"
. 
. * 'bold' with NFSS spec.:
. 
. <->"SimSun/ICU:script=latn;language=DFLT;mapping=tex-text;embolden=4;embolden=2.15;"
.................................................
Requested font "SimSun/ICU:script=latn;language=DFLT;mapping=tex-text;embolden=4;embolden=2.15;" at 12.05pt
 -> D:/ProgramData/CTEX/CTeX/fonts/truetype/chinese/simsun.ttf
[5] [6

]

Package hyperref Warning: Token not allowed in a PDF string (Unicode):
(hyperref)                \kern 0.52702pt
(hyperref)                removed on input line 388.


Package hyperref Warning: Token not allowed in a PDF string (Unicode):
(hyperref)                \kern 0.52702pt
(hyperref)                removed on input line 388.

File: figures/image1.eps Graphic file (type eps)
<figures/image1.eps>
File: figures/image2.eps Graphic file (type eps)
 <figures/image2.eps>
File: figures/1.png Graphic file (type QTm)
 <use  "figures/1.png" >
File: figures/image1.eps Graphic file (type eps)
 <figures/image1.eps>
File: figures/image2.eps Graphic file (type eps)
 <figures/image2.eps>
File: figures/image3.eps Graphic file (type eps)
 <figures/image3.eps>
File: figures/image4.eps Graphic file (type eps)
 <figures/image4.eps> [7

] [8]

Package hyperref Warning: Token not allowed in a PDF string (Unicode):
(hyperref)                \kern 0.52702pt
(hyperref)                removed on input line 425.


Package hyperref Warning: Token not allowed in a PDF string (Unicode):
(hyperref)                \kern 0.52702pt
(hyperref)                removed on input line 425.


Package natbib Warning: Citation `mittelbach_latex_2004' on page 9 undefined on input line 443.


Package natbib Warning: Citation `wright_latex3_2009' on page 9 undefined on input line 443.


Package natbib Warning: Citation `beeton_unicode_2008' on page 9 undefined on input line 443.


Package natbib Warning: Citation `vieth_experiences_2009' on page 9 undefined on input line 443.

No file example.bbl.
[9

]

Package hyperref Warning: Token not allowed in a PDF string (Unicode):
(hyperref)                \kern 0.52702pt
(hyperref)                removed on input line 455.


Package hyperref Warning: Token not allowed in a PDF string (Unicode):
(hyperref)                \kern 0.52702pt
(hyperref)                removed on input line 455.

(D:\ProgramData\CTEX\MiKTeX\tex\latex\listings\lstlang1.sty
File: lstlang1.sty 2004/09/05 1.3 listings language file
)
Requested font "Times New Roman/ICU:script=latn;language=DFLT;mapping=tex-text;" at 9.03pt
 -> C:/Windows/Fonts/times.ttf
Requested font "Courier New" at 9.03pt
 -> C:/Windows/Fonts/cour.ttf
Requested font "Courier New/ICU" at 9.03pt
 -> C:/Windows/Fonts/cour.ttf
Requested font "Courier New/B/ICU" at 9.03pt
 -> C:/Windows/Fonts/courbd.ttf
Requested font "Courier New/B/B/ICU" at 9.03pt
 -> C:/Windows/Fonts/courbd.ttf
Requested font "Courier New/I/ICU" at 9.03pt
 -> C:/Windows/Fonts/couri.ttf
Requested font "Courier New/I/I/ICU" at 9.03pt
 -> C:/Windows/Fonts/couri.ttf
Requested font "Courier New/BI/ICU" at 9.03pt
 -> C:/Windows/Fonts/courbi.ttf
Requested font "Courier New/BI/BI/ICU" at 9.03pt
 -> C:/Windows/Fonts/courbi.ttf
.................................................
. fontspec info: "defining-font"
. 
. Font family 'CourierNew(1)' created for font 'Courier New' with options
. [Ligatures=TeX,].
. 
. This font family consists of the following shapes:
. 
. * 'normal' with NFSS spec.:
. <->"Courier New/ICU:script=latn;language=DFLT;mapping=tex-text;"
. 
. * 'bold' with NFSS spec.:
. <->"Courier New/B/ICU:script=latn;language=DFLT;mapping=tex-text;"
. 
. * 'italic' with NFSS spec.:
. <->"Courier New/I/ICU:script=latn;language=DFLT;mapping=tex-text;"
. 
. * 'bold italic' with NFSS spec.:
. <->"Courier New/BI/ICU:script=latn;language=DFLT;mapping=tex-text;"
.................................................
Requested font "Courier New/ICU:script=latn;language=DFLT;mapping=tex-text;" at 9.03pt
 -> C:/Windows/Fonts/cour.ttf
Requested font "Times New Roman/ICU:script=latn;language=DFLT;mapping=tex-text;" at 6.0pt
 -> C:/Windows/Fonts/times.ttf
Requested font "cmmi9" at 9.03pt
 -> cmmi9
Requested font "cmmi6" at 6.0pt
 -> cmmi6
Requested font "cmsy9" at 9.03pt
 -> cmsy9
Requested font "cmsy6" at 6.0pt
 -> cmsy6
Requested font "cmex9" at 9.03pt
 -> cmex9
Requested font "cmex7" at 6.0pt
 -> cmex7
Requested font "msam10" at 9.03pt
 -> msam10
Requested font "msam7" at 6.0pt
 -> msam7
Requested font "msbm10" at 9.03pt
 -> msbm10
Requested font "msbm7" at 6.0pt
 -> msbm7
Requested font "cmbx9" at 9.03pt
 -> cmbx9
Requested font "cmbx6" at 6.0pt
 -> cmbx6
Requested font "cmmib10" at 9.03pt
 -> cmmib10
Requested font "cmmib7" at 6.0pt
 -> cmmib7
Requested font "cmbsy10" at 9.03pt
 -> cmbsy10
Requested font "cmbsy7" at 6.0pt
 -> cmbsy7
Requested font "cmr9" at 9.03pt
 -> cmr9
Requested font "cmr6" at 6.0pt
 -> cmr6
 [10

]

Package hyperref Warning: Token not allowed in a PDF string (Unicode):
(hyperref)                \kern 0.52702pt
(hyperref)                removed on input line 493.


Package hyperref Warning: Token not allowed in a PDF string (Unicode):
(hyperref)                \kern 0.52702pt
(hyperref)                removed on input line 493.

(D:\ProgramData\CTEX\MiKTeX\tex\latex\listings\lstlang1.sty
File: lstlang1.sty 2004/09/05 1.3 listings language file
)
LaTeX Font Info:    Font shape `EU1/CourierNew(0)/m/n' will be
(Font)              scaled to size 9.55138pt on input line 495.
Requested font "Courier New/ICU:script=latn;language=DFLT;mapping=tex-text;" at 9.55138pt
 -> C:/Windows/Fonts/cour.ttf


Package natbib Warning: There were undefined citations.

Package atveryend Info: Empty hook `BeforeClearDocument' on input line 536.
[11

]
Package atveryend Info: Empty hook `AfterLastShipout' on input line 536.
 (d:\Xingx\Project\20221006-华为杯E题-杜兴兴\GMCMthesis-master\GMCMthesis-master\example.aux)
Package atveryend Info: Empty hook `AtVeryEndDocument' on input line 536.
Package atveryend Info: Empty hook `AtEndAfterFileList' on input line 536.
 )
(\end occurred when \iftrue on line 55 was incomplete) 
Here is how much of TeX's memory you used:
 35372 strings out of 430478
 661073 string characters out of 3191203
 857845 words of memory out of 3000000
 37830 multiletter control sequences out of 15000+200000
 14847 words of font info for 124 fonts, out of 3000000 for 9000
 14 hyphenation exceptions out of 8191
 73i,14n,94p,840b,1257s stack positions out of 5000i,500n,10000p,200000b,50000s

Output written on example.pdf (12 pages).
